#
# There is insufficient memory for the Java Runtime Environment to continue.
# Native memory allocation (mmap) failed to map 35651584 bytes for Failed to commit area from 0x000000008a800000 to 0x000000008ca00000 of length 35651584.
# Possible reasons:
#   The system is out of physical RAM or swap space
#   The process is running with CompressedOops enabled, and the Java Heap may be blocking the growth of the native heap
# Possible solutions:
#   Reduce memory load on the system
#   Increase physical memory or swap space
#   Check if swap backing store is full
#   Decrease Java heap size (-Xmx/-Xms)
#   Decrease number of Java threads
#   Decrease Java thread stack sizes (-Xss)
#   Set larger code cache with -XX:ReservedCodeCacheSize=
#   JVM is running with Unscaled Compressed Oops mode in which the Java heap is
#     placed in the first 4GB address space. The Java Heap base address is the
#     maximum limit for the native heap growth. Please use -XX:HeapBaseMinAddress
#     to set the Java Heap base and to place the Java Heap above 4GB virtual address.
# This output file may be truncated or incomplete.
#
#  Out of Memory Error (./src/hotspot/os/windows/os_windows.cpp:3303), pid=37584, tid=22212
#
# JRE version: OpenJDK Runtime Environment (11.0.8+10) (build 11.0.8+10-b944.6842174)
# Java VM: OpenJDK 64-Bit Server VM (11.0.8+10-b944.6842174, mixed mode, tiered, compressed oops, g1 gc, windows-amd64)
# No core dump will be written. Minidumps are not enabled by default on client versions of Windows
#

---------------  S U M M A R Y ------------

Command Line: --add-opens=java.base/java.util=ALL-UNNAMED --add-opens=java.base/java.lang=ALL-UNNAMED --add-opens=java.base/java.lang.invoke=ALL-UNNAMED --add-opens=java.prefs/java.util.prefs=ALL-UNNAMED -Xmx2048m -Dfile.encoding=UTF-8 -Duser.country=IN -Duser.language=en -Duser.variant org.gradle.launcher.daemon.bootstrap.GradleDaemon 6.7.1

Host: AMD Ryzen 5 3450U with Radeon Vega Mobile Gfx  , 8 cores, 5G,  Windows 10 , 64 bit Build 19041 (10.0.19041.1023)
Time: Thu Jul  8 15:24:09 2021 India Standard Time elapsed time: 34 seconds (0d 0h 0m 34s)

---------------  T H R E A D  ---------------

Current thread (0x0000017ef9a0e800):  VMThread "VM Thread" [stack: 0x0000005828c00000,0x0000005828d00000] [id=22212]

Stack: [0x0000005828c00000,0x0000005828d00000]
[error occurred during error reporting (printing stack bounds), id 0xc0000005, EXCEPTION_ACCESS_VIOLATION (0xc0000005) at pc=0x0000017ee28f0dad]

Native frames: (J=compiled Java code, j=interpreted, Vv=VM code, C=native code)
V  [jvm.dll+0x5de50a]
V  [jvm.dll+0x7122f5]
V  [jvm.dll+0x71384d]
V  [jvm.dll+0x713e65]
V  [jvm.dll+0x713e1b]
V  [jvm.dll+0x5dd958]
V  [jvm.dll+0x5de0f8]
C  [ntdll.dll+0xa217f]
C  [ntdll.dll+0x51454]
C  [ntdll.dll+0xa0cae]
C  0x0000017ee28f0dad

VM_Operation (0x000000582bcf9f30): G1CollectForAllocation, mode: safepoint, requested by thread 0x0000017efca28800


---------------  P R O C E S S  ---------------

Threads class SMR info:
_java_thread_list=0x0000017e8262fba0, length=156, elements={
0x0000017edef4a800, 0x0000017ef9a13000, 0x0000017ef9a1f000, 0x0000017efa3c2800,
0x0000017ef9a2e800, 0x0000017ef9a2f800, 0x0000017ef9a35000, 0x0000017ef9a3a800,
0x0000017efa4f0800, 0x0000017efa4fb800, 0x0000017efbed0000, 0x0000017efc41d800,
0x0000017efa72c000, 0x0000017efba4b800, 0x0000017efaf14000, 0x0000017efac74000,
0x0000017efbeaf800, 0x0000017efbd69800, 0x0000017efbd6a800, 0x0000017efc17d800,
0x0000017efbd61000, 0x0000017efbd63000, 0x0000017efbd5d000, 0x0000017efbd5f800,
0x0000017efbd62000, 0x0000017efbd63800, 0x0000017efbd5e000, 0x0000017efbd60800,
0x0000017efbd5e800, 0x0000017efca2c000, 0x0000017efca2a800, 0x0000017efca26800,
0x0000017efca28000, 0x0000017efca2b000, 0x0000017efca28800, 0x0000017efca2d000,
0x0000017efca27000, 0x0000017efca31000, 0x0000017efca31800, 0x0000017efca32800,
0x0000017efca2f800, 0x0000017efca33800, 0x0000017efca2d800, 0x0000017efca34000,
0x0000017efca2e800, 0x0000017efca30000, 0x0000017efca35000, 0x0000017efca3b000,
0x0000017efca37000, 0x0000017efca36800, 0x0000017efca38000, 0x0000017efca3c000,
0x0000017efca38800, 0x0000017efca3d000, 0x0000017efca39800, 0x0000017efca3a800,
0x0000017e805f9800, 0x0000017e805f6800, 0x0000017e805f7800, 0x0000017e805f5000,
0x0000017e805f5800, 0x0000017e805f8000, 0x0000017e805f4000, 0x0000017e805fd000,
0x0000017e805f9000, 0x0000017e805fa800, 0x0000017e805fe800, 0x0000017e80600800,
0x0000017e80601000, 0x0000017e805fe000, 0x0000017e805ff800, 0x0000017e805fb800,
0x0000017e80602000, 0x0000017e805fc000, 0x0000017e80602800, 0x0000017efebae800,
0x0000017efebac000, 0x0000017efebad000, 0x0000017efebaf800, 0x0000017efebaa000,
0x0000017efebb0800, 0x0000017efebaa800, 0x0000017efebb1000, 0x0000017efebab800,
0x0000017efebb3000, 0x0000017efebb2000, 0x0000017efebb3800, 0x0000017efebae000,
0x0000017efebb6000, 0x0000017efebb4800, 0x0000017efebb8800, 0x0000017efebb5000,
0x0000017efebb7000, 0x0000017efebb7800, 0x0000017e80197800, 0x0000017e8019b000,
0x0000017e8019b800, 0x0000017e80196000, 0x0000017e8019a000, 0x0000017e80196800,
0x0000017e8019c800, 0x0000017e80198800, 0x0000017e8019d800, 0x0000017e8019e000,
0x0000017e80199000, 0x0000017e801a3000, 0x0000017e8019f800, 0x0000017e801a4000,
0x0000017e801a1800, 0x0000017e8019f000, 0x0000017e801a0800, 0x0000017e801a4800,
0x0000017e801a2000, 0x0000017efa662000, 0x0000017efa668800, 0x0000017efa666000,
0x0000017efa664800, 0x0000017efa665800, 0x0000017efa667000, 0x0000017efa664000,
0x0000017efa663000, 0x0000017efa669800, 0x0000017efa66a800, 0x0000017efa66c000,
0x0000017efa66b000, 0x0000017efa66d000, 0x0000017efa66d800, 0x0000017efa668000,
0x0000017efa66e800, 0x0000017efa66f000, 0x0000017efa670000, 0x0000017efa671000,
0x0000017eff1aa000, 0x0000017eff1ae000, 0x0000017eff1af000, 0x0000017eff1b0000,
0x0000017eff1ac800, 0x0000017eff1ab000, 0x0000017eff1ac000, 0x0000017eff1ad800,
0x0000017eff1b4000, 0x0000017eff1b7000, 0x0000017eff1b1800, 0x0000017eff1b3000,
0x0000017eff1b5000, 0x0000017eff1b5800, 0x0000017eff1b2800, 0x0000017eff1b8000,
0x0000017eff1b9000, 0x0000017efc5ec800, 0x0000017efcd6f800, 0x0000017e810d8000,
0x0000017e810d7000, 0x0000017e810d3000, 0x0000017e810d8800, 0x0000017e810d9800
}

Java Threads: ( => current thread )
  0x0000017edef4a800 JavaThread "main" [_thread_blocked, id=40780, stack(0x0000005828600000,0x0000005828700000)]
  0x0000017ef9a13000 JavaThread "Reference Handler" daemon [_thread_blocked, id=22740, stack(0x0000005828d00000,0x0000005828e00000)]
  0x0000017ef9a1f000 JavaThread "Finalizer" daemon [_thread_blocked, id=23436, stack(0x0000005828e00000,0x0000005828f00000)]
  0x0000017efa3c2800 JavaThread "Signal Dispatcher" daemon [_thread_blocked, id=11456, stack(0x0000005828f00000,0x0000005829000000)]
  0x0000017ef9a2e800 JavaThread "Attach Listener" daemon [_thread_blocked, id=33032, stack(0x0000005829000000,0x0000005829100000)]
  0x0000017ef9a2f800 JavaThread "C2 CompilerThread0" daemon [_thread_in_native, id=24260, stack(0x0000005829100000,0x0000005829200000)]
  0x0000017ef9a35000 JavaThread "C1 CompilerThread0" daemon [_thread_blocked, id=11832, stack(0x0000005829200000,0x0000005829300000)]
  0x0000017ef9a3a800 JavaThread "Sweeper thread" daemon [_thread_blocked, id=21900, stack(0x0000005829300000,0x0000005829400000)]
  0x0000017efa4f0800 JavaThread "Common-Cleaner" daemon [_thread_blocked, id=36916, stack(0x0000005829400000,0x0000005829500000)]
  0x0000017efa4fb800 JavaThread "Service Thread" daemon [_thread_blocked, id=10664, stack(0x0000005829500000,0x0000005829600000)]
  0x0000017efbed0000 JavaThread "Daemon health stats" [_thread_blocked, id=25480, stack(0x0000005829900000,0x0000005829a00000)]
  0x0000017efc41d800 JavaThread "Incoming local TCP Connector on port 64834" [_thread_in_native, id=40460, stack(0x0000005829b00000,0x0000005829c00000)]
  0x0000017efa72c000 JavaThread "Daemon periodic checks" [_thread_blocked, id=23764, stack(0x0000005829c00000,0x0000005829d00000)]
  0x0000017efba4b800 JavaThread "Daemon" [_thread_blocked, id=40300, stack(0x0000005829d00000,0x0000005829e00000)]
  0x0000017efaf14000 JavaThread "Handler for socket connection from /127.0.0.1:64834 to /127.0.0.1:64835" [_thread_in_native, id=38104, stack(0x0000005829e00000,0x0000005829f00000)]
  0x0000017efac74000 JavaThread "Cancel handler" [_thread_blocked, id=36380, stack(0x000000582a600000,0x000000582a700000)]
  0x0000017efbeaf800 JavaThread "Daemon worker" [_thread_blocked, id=7940, stack(0x000000582a700000,0x000000582a800000)]
  0x0000017efbd69800 JavaThread "Asynchronous log dispatcher for DefaultDaemonConnection: socket connection from /127.0.0.1:64834 to /127.0.0.1:64835" [_thread_blocked, id=30532, stack(0x000000582a900000,0x000000582aa00000)]
  0x0000017efbd6a800 JavaThread "Stdin handler" [_thread_blocked, id=40436, stack(0x000000582aa00000,0x000000582ab00000)]
  0x0000017efc17d800 JavaThread "Thread-8" [_thread_blocked, id=37680, stack(0x000000582ab00000,0x000000582ac00000)]
  0x0000017efbd61000 JavaThread "Cache worker for file hash cache (C:\Users\Dell\.gradle\caches\6.7.1\fileHashes)" [_thread_blocked, id=32360, stack(0x000000582ac00000,0x000000582ad00000)]
  0x0000017efbd63000 JavaThread "File lock request listener" [_thread_in_native, id=32844, stack(0x000000582ad00000,0x000000582ae00000)]
  0x0000017efbd5d000 JavaThread "Cache worker for journal cache (C:\Users\Dell\.gradle\caches\journal-1)" [_thread_blocked, id=26176, stack(0x000000582ae00000,0x000000582af00000)]
  0x0000017efbd5f800 JavaThread "Cache worker for file hash cache (C:\Users\Dell\AndroidStudioProjects\ScrollViewYou\.gradle\6.7.1\fileHashes)" [_thread_blocked, id=40180, stack(0x000000582af00000,0x000000582b000000)]
  0x0000017efbd62000 JavaThread "Cache worker for checksums cache (C:\Users\Dell\AndroidStudioProjects\ScrollViewYou\.gradle\checksums)" [_thread_blocked, id=32380, stack(0x000000582b000000,0x000000582b100000)]
  0x0000017efbd63800 JavaThread "Cache worker for cache directory md-supplier (C:\Users\Dell\.gradle\caches\6.7.1\md-supplier)" [_thread_blocked, id=20428, stack(0x000000582b100000,0x000000582b200000)]
  0x0000017efbd5e000 JavaThread "Cache worker for cache directory md-rule (C:\Users\Dell\.gradle\caches\6.7.1\md-rule)" [_thread_blocked, id=21288, stack(0x000000582b200000,0x000000582b300000)]
  0x0000017efbd60800 JavaThread "Cache worker for execution history cache (C:\Users\Dell\.gradle\caches\6.7.1\executionHistory)" [_thread_blocked, id=2924, stack(0x000000582b300000,0x000000582b400000)]
  0x0000017efbd5e800 JavaThread "jar transforms" [_thread_blocked, id=10568, stack(0x000000582b400000,0x000000582b500000)]
  0x0000017efca2c000 JavaThread "Cache worker for file content cache (C:\Users\Dell\.gradle\caches\6.7.1\fileContent)" [_thread_blocked, id=14244, stack(0x000000582b600000,0x000000582b700000)]
  0x0000017efca2a800 JavaThread "Cache worker for Build Output Cleanup Cache (C:\Users\Dell\AndroidStudioProjects\ScrollViewYou\.gradle\buildOutputCleanup)" [_thread_blocked, id=16864, stack(0x000000582b800000,0x000000582b900000)]
  0x0000017efca26800 JavaThread "Build operations" [_thread_blocked, id=25436, stack(0x000000582b900000,0x000000582ba00000)]
  0x0000017efca28000 JavaThread "Build operations Thread 2" [_thread_blocked, id=25288, stack(0x000000582ba00000,0x000000582bb00000)]
  0x0000017efca2b000 JavaThread "Build operations Thread 3" [_thread_blocked, id=37104, stack(0x000000582bb00000,0x000000582bc00000)]
  0x0000017efca28800 JavaThread "Build operations Thread 4" [_thread_blocked, id=19296, stack(0x000000582bc00000,0x000000582bd00000)]
  0x0000017efca2d000 JavaThread "Build operations Thread 5" [_thread_blocked, id=30000, stack(0x000000582bd00000,0x000000582be00000)]
  0x0000017efca27000 JavaThread "Build operations Thread 6" [_thread_blocked, id=13036, stack(0x000000582be00000,0x000000582bf00000)]
  0x0000017efca31000 JavaThread "Build operations Thread 7" [_thread_blocked, id=23816, stack(0x000000582bf00000,0x000000582c000000)]
  0x0000017efca31800 JavaThread "Build operations Thread 8" [_thread_blocked, id=2604, stack(0x000000582c000000,0x000000582c100000)]
  0x0000017efca32800 JavaThread "jar transforms Thread 2" [_thread_blocked, id=23932, stack(0x000000582c100000,0x000000582c200000)]
  0x0000017efca2f800 JavaThread "jar transforms Thread 3" [_thread_blocked, id=39324, stack(0x000000582c200000,0x000000582c300000)]
  0x0000017efca33800 JavaThread "jar transforms Thread 4" [_thread_blocked, id=10244, stack(0x000000582c300000,0x000000582c400000)]
  0x0000017efca2d800 JavaThread "jar transforms Thread 5" [_thread_blocked, id=7128, stack(0x000000582c400000,0x000000582c500000)]
  0x0000017efca34000 JavaThread "jar transforms Thread 6" [_thread_blocked, id=35428, stack(0x000000582c500000,0x000000582c600000)]
  0x0000017efca2e800 JavaThread "jar transforms Thread 7" [_thread_blocked, id=1152, stack(0x000000582c600000,0x000000582c700000)]
  0x0000017efca30000 JavaThread "jar transforms Thread 8" [_thread_blocked, id=13336, stack(0x000000582c700000,0x000000582c800000)]
  0x0000017efca35000 JavaThread "jar transforms Thread 9" [_thread_blocked, id=31412, stack(0x000000582c800000,0x000000582c900000)]
  0x0000017efca3b000 JavaThread "jar transforms Thread 10" [_thread_blocked, id=39060, stack(0x000000582c900000,0x000000582ca00000)]
  0x0000017efca37000 JavaThread "jar transforms Thread 11" [_thread_blocked, id=30876, stack(0x000000582ca00000,0x000000582cb00000)]
  0x0000017efca36800 JavaThread "jar transforms Thread 12" [_thread_blocked, id=35808, stack(0x000000582cb00000,0x000000582cc00000)]
  0x0000017efca38000 JavaThread "jar transforms Thread 13" [_thread_blocked, id=24824, stack(0x000000582cc00000,0x000000582cd00000)]
  0x0000017efca3c000 JavaThread "jar transforms Thread 14" [_thread_blocked, id=25004, stack(0x000000582cd00000,0x000000582ce00000)]
  0x0000017efca38800 JavaThread "jar transforms Thread 15" [_thread_blocked, id=37244, stack(0x000000582ce00000,0x000000582cf00000)]
  0x0000017efca3d000 JavaThread "jar transforms Thread 16" [_thread_blocked, id=19964, stack(0x000000582cf00000,0x000000582d000000)]
  0x0000017efca39800 JavaThread "jar transforms Thread 17" [_thread_blocked, id=40608, stack(0x000000582d000000,0x000000582d100000)]
  0x0000017efca3a800 JavaThread "jar transforms Thread 18" [_thread_blocked, id=31564, stack(0x000000582d100000,0x000000582d200000)]
  0x0000017e805f9800 JavaThread "jar transforms Thread 19" [_thread_blocked, id=4568, stack(0x000000582d200000,0x000000582d300000)]
  0x0000017e805f6800 JavaThread "jar transforms Thread 20" [_thread_blocked, id=11700, stack(0x000000582d300000,0x000000582d400000)]
  0x0000017e805f7800 JavaThread "jar transforms Thread 21" [_thread_blocked, id=16080, stack(0x000000582d400000,0x000000582d500000)]
  0x0000017e805f5000 JavaThread "jar transforms Thread 22" [_thread_blocked, id=35852, stack(0x000000582d500000,0x000000582d600000)]
  0x0000017e805f5800 JavaThread "jar transforms Thread 23" [_thread_blocked, id=39396, stack(0x000000582d600000,0x000000582d700000)]
  0x0000017e805f8000 JavaThread "jar transforms Thread 24" [_thread_blocked, id=33100, stack(0x000000582d700000,0x000000582d800000)]
  0x0000017e805f4000 JavaThread "jar transforms Thread 25" [_thread_blocked, id=32372, stack(0x000000582d800000,0x000000582d900000)]
  0x0000017e805fd000 JavaThread "jar transforms Thread 26" [_thread_blocked, id=28892, stack(0x000000582d900000,0x000000582da00000)]
  0x0000017e805f9000 JavaThread "jar transforms Thread 27" [_thread_blocked, id=39356, stack(0x000000582da00000,0x000000582db00000)]
  0x0000017e805fa800 JavaThread "jar transforms Thread 28" [_thread_blocked, id=14060, stack(0x000000582db00000,0x000000582dc00000)]
  0x0000017e805fe800 JavaThread "jar transforms Thread 29" [_thread_blocked, id=40896, stack(0x000000582dc00000,0x000000582dd00000)]
  0x0000017e80600800 JavaThread "jar transforms Thread 30" [_thread_blocked, id=33012, stack(0x000000582dd00000,0x000000582de00000)]
  0x0000017e80601000 JavaThread "jar transforms Thread 31" [_thread_blocked, id=10220, stack(0x000000582de00000,0x000000582df00000)]
  0x0000017e805fe000 JavaThread "jar transforms Thread 32" [_thread_blocked, id=4976, stack(0x000000582df00000,0x000000582e000000)]
  0x0000017e805ff800 JavaThread "jar transforms Thread 33" [_thread_blocked, id=12548, stack(0x000000582e000000,0x000000582e100000)]
  0x0000017e805fb800 JavaThread "jar transforms Thread 34" [_thread_blocked, id=15912, stack(0x000000582e100000,0x000000582e200000)]
  0x0000017e80602000 JavaThread "jar transforms Thread 35" [_thread_blocked, id=24788, stack(0x000000582e200000,0x000000582e300000)]
  0x0000017e805fc000 JavaThread "jar transforms Thread 36" [_thread_blocked, id=15804, stack(0x000000582e300000,0x000000582e400000)]
  0x0000017e80602800 JavaThread "jar transforms Thread 37" [_thread_blocked, id=4784, stack(0x000000582e400000,0x000000582e500000)]
  0x0000017efebae800 JavaThread "jar transforms Thread 38" [_thread_blocked, id=38460, stack(0x000000582e500000,0x000000582e600000)]
  0x0000017efebac000 JavaThread "jar transforms Thread 39" [_thread_blocked, id=35632, stack(0x000000582e600000,0x000000582e700000)]
  0x0000017efebad000 JavaThread "jar transforms Thread 40" [_thread_blocked, id=904, stack(0x000000582e700000,0x000000582e800000)]
  0x0000017efebaf800 JavaThread "jar transforms Thread 41" [_thread_blocked, id=34720, stack(0x000000582e800000,0x000000582e900000)]
  0x0000017efebaa000 JavaThread "jar transforms Thread 42" [_thread_blocked, id=908, stack(0x000000582e900000,0x000000582ea00000)]
  0x0000017efebb0800 JavaThread "jar transforms Thread 43" [_thread_blocked, id=7520, stack(0x000000582ea00000,0x000000582eb00000)]
  0x0000017efebaa800 JavaThread "jar transforms Thread 44" [_thread_blocked, id=27228, stack(0x000000582eb00000,0x000000582ec00000)]
  0x0000017efebb1000 JavaThread "jar transforms Thread 45" [_thread_blocked, id=12592, stack(0x000000582ec00000,0x000000582ed00000)]
  0x0000017efebab800 JavaThread "jar transforms Thread 46" [_thread_blocked, id=35156, stack(0x000000582ed00000,0x000000582ee00000)]
  0x0000017efebb3000 JavaThread "jar transforms Thread 47" [_thread_blocked, id=32344, stack(0x000000582ee00000,0x000000582ef00000)]
  0x0000017efebb2000 JavaThread "jar transforms Thread 48" [_thread_blocked, id=9628, stack(0x000000582ef00000,0x000000582f000000)]
  0x0000017efebb3800 JavaThread "jar transforms Thread 49" [_thread_blocked, id=40692, stack(0x000000582f000000,0x000000582f100000)]
  0x0000017efebae000 JavaThread "jar transforms Thread 50" [_thread_blocked, id=40380, stack(0x000000582f100000,0x000000582f200000)]
  0x0000017efebb6000 JavaThread "jar transforms Thread 51" [_thread_blocked, id=34228, stack(0x000000582f200000,0x000000582f300000)]
  0x0000017efebb4800 JavaThread "jar transforms Thread 52" [_thread_blocked, id=12328, stack(0x000000582f300000,0x000000582f400000)]
  0x0000017efebb8800 JavaThread "jar transforms Thread 53" [_thread_blocked, id=40056, stack(0x000000582f400000,0x000000582f500000)]
  0x0000017efebb5000 JavaThread "jar transforms Thread 54" [_thread_blocked, id=26516, stack(0x000000582f500000,0x000000582f600000)]
  0x0000017efebb7000 JavaThread "jar transforms Thread 55" [_thread_blocked, id=36464, stack(0x000000582f600000,0x000000582f700000)]
  0x0000017efebb7800 JavaThread "jar transforms Thread 56" [_thread_blocked, id=22732, stack(0x000000582f700000,0x000000582f800000)]
  0x0000017e80197800 JavaThread "jar transforms Thread 57" [_thread_blocked, id=38468, stack(0x000000582f800000,0x000000582f900000)]
  0x0000017e8019b000 JavaThread "jar transforms Thread 58" [_thread_blocked, id=3748, stack(0x000000582f900000,0x000000582fa00000)]
  0x0000017e8019b800 JavaThread "jar transforms Thread 59" [_thread_blocked, id=31172, stack(0x000000582fa00000,0x000000582fb00000)]
  0x0000017e80196000 JavaThread "jar transforms Thread 60" [_thread_blocked, id=33764, stack(0x000000582fb00000,0x000000582fc00000)]
  0x0000017e8019a000 JavaThread "jar transforms Thread 61" [_thread_blocked, id=30904, stack(0x000000582fc00000,0x000000582fd00000)]
  0x0000017e80196800 JavaThread "jar transforms Thread 62" [_thread_blocked, id=31368, stack(0x000000582fd00000,0x000000582fe00000)]
  0x0000017e8019c800 JavaThread "jar transforms Thread 63" [_thread_blocked, id=13176, stack(0x000000582fe00000,0x000000582ff00000)]
  0x0000017e80198800 JavaThread "jar transforms Thread 64" [_thread_blocked, id=28676, stack(0x000000582ff00000,0x0000005830000000)]
  0x0000017e8019d800 JavaThread "jar transforms Thread 65" [_thread_blocked, id=23240, stack(0x0000005830000000,0x0000005830100000)]
  0x0000017e8019e000 JavaThread "jar transforms Thread 66" [_thread_blocked, id=38368, stack(0x0000005830100000,0x0000005830200000)]
  0x0000017e80199000 JavaThread "jar transforms Thread 67" [_thread_blocked, id=14788, stack(0x0000005830200000,0x0000005830300000)]
  0x0000017e801a3000 JavaThread "jar transforms Thread 68" [_thread_blocked, id=18336, stack(0x0000005830300000,0x0000005830400000)]
  0x0000017e8019f800 JavaThread "jar transforms Thread 69" [_thread_blocked, id=18164, stack(0x0000005830400000,0x0000005830500000)]
  0x0000017e801a4000 JavaThread "jar transforms Thread 70" [_thread_blocked, id=39828, stack(0x0000005830500000,0x0000005830600000)]
  0x0000017e801a1800 JavaThread "jar transforms Thread 71" [_thread_blocked, id=37240, stack(0x0000005830600000,0x0000005830700000)]
  0x0000017e8019f000 JavaThread "jar transforms Thread 72" [_thread_blocked, id=27744, stack(0x0000005830700000,0x0000005830800000)]
  0x0000017e801a0800 JavaThread "jar transforms Thread 73" [_thread_blocked, id=144, stack(0x0000005830800000,0x0000005830900000)]
  0x0000017e801a4800 JavaThread "jar transforms Thread 74" [_thread_blocked, id=34156, stack(0x0000005830900000,0x0000005830a00000)]
  0x0000017e801a2000 JavaThread "jar transforms Thread 75" [_thread_blocked, id=24276, stack(0x0000005830a00000,0x0000005830b00000)]
  0x0000017efa662000 JavaThread "jar transforms Thread 76" [_thread_blocked, id=40792, stack(0x0000005830b00000,0x0000005830c00000)]
  0x0000017efa668800 JavaThread "jar transforms Thread 77" [_thread_blocked, id=40772, stack(0x0000005830c00000,0x0000005830d00000)]
  0x0000017efa666000 JavaThread "jar transforms Thread 78" [_thread_blocked, id=13468, stack(0x0000005830d00000,0x0000005830e00000)]
  0x0000017efa664800 JavaThread "jar transforms Thread 79" [_thread_blocked, id=37580, stack(0x0000005830e00000,0x0000005830f00000)]
  0x0000017efa665800 JavaThread "jar transforms Thread 80" [_thread_blocked, id=6340, stack(0x0000005830f00000,0x0000005831000000)]
  0x0000017efa667000 JavaThread "jar transforms Thread 81" [_thread_blocked, id=35744, stack(0x0000005831000000,0x0000005831100000)]
  0x0000017efa664000 JavaThread "jar transforms Thread 82" [_thread_blocked, id=31780, stack(0x0000005831100000,0x0000005831200000)]
  0x0000017efa663000 JavaThread "jar transforms Thread 83" [_thread_blocked, id=22876, stack(0x0000005831200000,0x0000005831300000)]
  0x0000017efa669800 JavaThread "jar transforms Thread 84" [_thread_blocked, id=39972, stack(0x0000005831300000,0x0000005831400000)]
  0x0000017efa66a800 JavaThread "jar transforms Thread 85" [_thread_blocked, id=20516, stack(0x0000005831400000,0x0000005831500000)]
  0x0000017efa66c000 JavaThread "jar transforms Thread 86" [_thread_blocked, id=28740, stack(0x0000005831500000,0x0000005831600000)]
  0x0000017efa66b000 JavaThread "jar transforms Thread 87" [_thread_blocked, id=12468, stack(0x0000005831600000,0x0000005831700000)]
  0x0000017efa66d000 JavaThread "jar transforms Thread 88" [_thread_blocked, id=24572, stack(0x0000005831700000,0x0000005831800000)]
  0x0000017efa66d800 JavaThread "jar transforms Thread 89" [_thread_blocked, id=12452, stack(0x0000005831800000,0x0000005831900000)]
  0x0000017efa668000 JavaThread "jar transforms Thread 90" [_thread_blocked, id=26116, stack(0x0000005831900000,0x0000005831a00000)]
  0x0000017efa66e800 JavaThread "jar transforms Thread 91" [_thread_blocked, id=40840, stack(0x0000005831a00000,0x0000005831b00000)]
  0x0000017efa66f000 JavaThread "jar transforms Thread 92" [_thread_blocked, id=40616, stack(0x0000005831b00000,0x0000005831c00000)]
  0x0000017efa670000 JavaThread "jar transforms Thread 93" [_thread_blocked, id=20352, stack(0x0000005831c00000,0x0000005831d00000)]
  0x0000017efa671000 JavaThread "jar transforms Thread 94" [_thread_blocked, id=18168, stack(0x0000005831d00000,0x0000005831e00000)]
  0x0000017eff1aa000 JavaThread "jar transforms Thread 95" [_thread_blocked, id=40820, stack(0x0000005831e00000,0x0000005831f00000)]
  0x0000017eff1ae000 JavaThread "jar transforms Thread 96" [_thread_blocked, id=11004, stack(0x0000005831f00000,0x0000005832000000)]
  0x0000017eff1af000 JavaThread "jar transforms Thread 97" [_thread_blocked, id=30004, stack(0x0000005832000000,0x0000005832100000)]
  0x0000017eff1b0000 JavaThread "Memory manager" [_thread_blocked, id=34852, stack(0x000000582b700000,0x000000582b800000)]
  0x0000017eff1ac800 JavaThread "build event listener" [_thread_blocked, id=36036, stack(0x000000582b500000,0x000000582b600000)]
  0x0000017eff1ab000 JavaThread "pool-3-thread-1" [_thread_blocked, id=40200, stack(0x0000005832100000,0x0000005832200000)]
  0x0000017eff1ac000 JavaThread "build event listener" [_thread_blocked, id=13644, stack(0x0000005832200000,0x0000005832300000)]
  0x0000017eff1ad800 JavaThread "Execution worker for ':'" [_thread_blocked, id=30804, stack(0x0000005832300000,0x0000005832400000)]
  0x0000017eff1b4000 JavaThread "Execution worker for ':' Thread 2" [_thread_blocked, id=40148, stack(0x0000005832400000,0x0000005832500000)]
  0x0000017eff1b7000 JavaThread "Execution worker for ':' Thread 3" [_thread_blocked, id=9996, stack(0x0000005832500000,0x0000005832600000)]
  0x0000017eff1b1800 JavaThread "Execution worker for ':' Thread 4" [_thread_blocked, id=26892, stack(0x0000005832600000,0x0000005832700000)]
  0x0000017eff1b3000 JavaThread "Execution worker for ':' Thread 5" [_thread_blocked, id=30864, stack(0x0000005832700000,0x0000005832800000)]
  0x0000017eff1b5000 JavaThread "Execution worker for ':' Thread 6" [_thread_blocked, id=39240, stack(0x0000005832800000,0x0000005832900000)]
  0x0000017eff1b5800 JavaThread "Execution worker for ':' Thread 7" [_thread_blocked, id=4588, stack(0x0000005832900000,0x0000005832a00000)]
  0x0000017eff1b2800 JavaThread "Cache worker for execution history cache (C:\Users\Dell\AndroidStudioProjects\ScrollViewYou\.gradle\6.7.1\executionHistory)" [_thread_blocked, id=33668, stack(0x0000005832a00000,0x0000005832b00000)]
  0x0000017eff1b8000 JavaThread "WorkerExecutor Queue" [_thread_blocked, id=32040, stack(0x0000005832b00000,0x0000005832c00000)]
  0x0000017eff1b9000 JavaThread "WorkerExecutor Queue Thread 2" [_thread_blocked, id=32156, stack(0x0000005832c00000,0x0000005832d00000)]
  0x0000017efc5ec800 JavaThread "C2 CompilerThread1" daemon [_thread_in_native, id=21876, stack(0x0000005832d00000,0x0000005832e00000)]
  0x0000017efcd6f800 JavaThread "C2 CompilerThread2" daemon [_thread_blocked, id=16120, stack(0x0000005832e00000,0x0000005832f00000)]
  0x0000017e810d8000 JavaThread "WorkerExecutor Queue Thread 4" [_thread_blocked, id=33236, stack(0x0000005833000000,0x0000005833100000)]
  0x0000017e810d7000 JavaThread "WorkerExecutor Queue Thread 5" [_thread_blocked, id=13084, stack(0x0000005833100000,0x0000005833200000)]
  0x0000017e810d3000 JavaThread "WorkerExecutor Queue Thread 6" [_thread_blocked, id=32772, stack(0x0000005833200000,0x0000005833300000)]
  0x0000017e810d8800 JavaThread "WorkerExecutor Queue Thread 7" [_thread_blocked, id=33836, stack(0x0000005833300000,0x0000005833400000)]
  0x0000017e810d9800 JavaThread "WorkerExecutor Queue Thread 9" [_thread_blocked, id=24928, stack(0x0000005833400000,0x0000005833500000)]

Other Threads:
=>0x0000017ef9a0e800 VMThread "VM Thread" [stack: 0x0000005828c00000,0x0000005828d00000] [id=22212]
  0x0000017efa4fc800 WatcherThread [stack: 0x0000005829600000,0x0000005829700000] [id=32832]
  0x0000017edef61000 GCTaskThread "GC Thread#0" [stack: 0x0000005828700000,0x0000005828800000] [id=13724]
  0x0000017efaf67800 GCTaskThread "GC Thread#1" [stack: 0x0000005829800000,0x0000005829900000] [id=33368]
  0x0000017efc1d7800 GCTaskThread "GC Thread#2" [stack: 0x0000005829f00000,0x000000582a000000] [id=12216]
  0x0000017efc1d8000 GCTaskThread "GC Thread#3" [stack: 0x000000582a000000,0x000000582a100000] [id=36700]
  0x0000017efb6fa000 GCTaskThread "GC Thread#4" [stack: 0x000000582a100000,0x000000582a200000] [id=12092]
  0x0000017efb6fb800 GCTaskThread "GC Thread#5" [stack: 0x000000582a200000,0x000000582a300000] [id=36264]
  0x0000017efb6fc000 GCTaskThread "GC Thread#6" [stack: 0x000000582a300000,0x000000582a400000] [id=28240]
  0x0000017efbe3d800 GCTaskThread "GC Thread#7" [stack: 0x000000582a400000,0x000000582a500000] [id=22996]
  0x0000017edef91800 ConcurrentGCThread "G1 Main Marker" [stack: 0x0000005828800000,0x0000005828900000] [id=40420]
  0x0000017edef96000 ConcurrentGCThread "G1 Conc#0" [stack: 0x0000005828900000,0x0000005828a00000] [id=18100]
  0x0000017efc631000 ConcurrentGCThread "G1 Conc#1" [stack: 0x000000582a800000,0x000000582a900000] [id=35456]
  0x0000017edf018000 ConcurrentGCThread "G1 Refine#0" [stack: 0x0000005828a00000,0x0000005828b00000] [id=40920]
  0x0000017efbe43800 ConcurrentGCThread "G1 Refine#1" [stack: 0x000000582a500000,0x000000582a600000] [id=30536]
  0x0000017edf019000 ConcurrentGCThread "G1 Young RemSet Sampling" [stack: 0x0000005828b00000,0x0000005828c00000] [id=19300]

Threads with active compile tasks:
C2 CompilerThread0  34557 14181       4       com.android.tools.r8.ir.optimize.J::a (282 bytes)
C1 CompilerThread0  34558 14561       3       com.android.tools.r8.ir.optimize.Z::a (1305 bytes)
C2 CompilerThread1  34558 14482       4       com.android.tools.r8.ir.conversion.o::a (1157 bytes)
C2 CompilerThread2  34558 14486       4       com.android.tools.r8.v.a.j.e::b (682 bytes)

VM state:at safepoint (normal execution)

VM Mutex/Monitor currently owned by a thread:  ([mutex/lock_event])
[0x0000017edef475d0] Threads_lock - owner thread: 0x0000017ef9a0e800
[0x0000017edef47db0] Heap_lock - owner thread: 0x0000017efca28800

Heap address: 0x0000000080000000, size: 2048 MB, Compressed Oops mode: 32-bit
Narrow klass base: 0x0000000000000000, Narrow klass shift: 3
Compressed class space size: 1073741824 Address: 0x0000000100000000

Heap:
 garbage-first heap   total 206848K, used 90836K [0x0000000080000000, 0x0000000100000000)
  region size 1024K, 2 young (2048K), 2 survivors (2048K)
 Metaspace       used 97908K, capacity 100192K, committed 100428K, reserved 1136640K
  class space    used 12358K, capacity 13146K, committed 13184K, reserved 1048576K
Heap Regions: E=young(eden), S=young(survivor), O=old, HS=humongous(starts), HC=humongous(continues), CS=collection set, F=free, A=archive, TAMS=top-at-mark-start (previous, next)
|   0|0x0000000080000000, 0x0000000080100000, 0x0000000080100000|100%| O|  |TAMS 0x0000000080100000, 0x0000000080000000| Untracked 
|   1|0x0000000080100000, 0x0000000080200000, 0x0000000080200000|100%| O|  |TAMS 0x0000000080200000, 0x0000000080100000| Untracked 
|   2|0x0000000080200000, 0x0000000080300000, 0x0000000080300000|100%| O|  |TAMS 0x0000000080300000, 0x0000000080200000| Untracked 
|   3|0x0000000080300000, 0x0000000080400000, 0x0000000080400000|100%|HS|  |TAMS 0x0000000080400000, 0x0000000080300000| Complete 
|   4|0x0000000080400000, 0x0000000080500000, 0x0000000080500000|100%|HC|  |TAMS 0x0000000080500000, 0x0000000080400000| Complete 
|   5|0x0000000080500000, 0x0000000080600000, 0x0000000080600000|100%|HC|  |TAMS 0x0000000080600000, 0x0000000080500000| Complete 
|   6|0x0000000080600000, 0x0000000080700000, 0x0000000080700000|100%| O|  |TAMS 0x0000000080700000, 0x0000000080600000| Untracked 
|   7|0x0000000080700000, 0x0000000080800000, 0x0000000080800000|100%| O|  |TAMS 0x0000000080800000, 0x0000000080700000| Untracked 
|   8|0x0000000080800000, 0x0000000080900000, 0x0000000080900000|100%| O|  |TAMS 0x0000000080900000, 0x0000000080800000| Untracked 
|   9|0x0000000080900000, 0x0000000080a00000, 0x0000000080a00000|100%| O|  |TAMS 0x0000000080a00000, 0x0000000080900000| Untracked 
|  10|0x0000000080a00000, 0x0000000080b00000, 0x0000000080b00000|100%| O|  |TAMS 0x0000000080b00000, 0x0000000080a00000| Untracked 
|  11|0x0000000080b00000, 0x0000000080c00000, 0x0000000080c00000|100%| O|  |TAMS 0x0000000080c00000, 0x0000000080b00000| Untracked 
|  12|0x0000000080c00000, 0x0000000080d00000, 0x0000000080d00000|100%| O|  |TAMS 0x0000000080d00000, 0x0000000080c00000| Untracked 
|  13|0x0000000080d00000, 0x0000000080e00000, 0x0000000080e00000|100%| O|  |TAMS 0x0000000080e00000, 0x0000000080d00000| Untracked 
|  14|0x0000000080e00000, 0x0000000080f00000, 0x0000000080f00000|100%| O|  |TAMS 0x0000000080f00000, 0x0000000080e00000| Untracked 
|  15|0x0000000080f00000, 0x0000000081000000, 0x0000000081000000|100%| O|  |TAMS 0x0000000081000000, 0x0000000080f00000| Untracked 
|  16|0x0000000081000000, 0x0000000081100000, 0x0000000081100000|100%| O|  |TAMS 0x0000000081100000, 0x0000000081000000| Untracked 
|  17|0x0000000081100000, 0x0000000081200000, 0x0000000081200000|100%| O|  |TAMS 0x0000000081200000, 0x0000000081100000| Untracked 
|  18|0x0000000081200000, 0x0000000081300000, 0x0000000081300000|100%|HS|  |TAMS 0x0000000081300000, 0x0000000081200000| Complete 
|  19|0x0000000081300000, 0x0000000081400000, 0x0000000081400000|100%| O|  |TAMS 0x0000000081400000, 0x0000000081300000| Untracked 
|  20|0x0000000081400000, 0x0000000081500000, 0x0000000081500000|100%| O|  |TAMS 0x0000000081500000, 0x0000000081400000| Untracked 
|  21|0x0000000081500000, 0x0000000081600000, 0x0000000081600000|100%| O|  |TAMS 0x0000000081600000, 0x0000000081500000| Untracked 
|  22|0x0000000081600000, 0x0000000081700000, 0x0000000081700000|100%| O|  |TAMS 0x0000000081700000, 0x0000000081600000| Untracked 
|  23|0x0000000081700000, 0x0000000081800000, 0x0000000081800000|100%| O|  |TAMS 0x0000000081800000, 0x0000000081700000| Untracked 
|  24|0x0000000081800000, 0x0000000081900000, 0x0000000081900000|100%| O|  |TAMS 0x0000000081900000, 0x0000000081800000| Untracked 
|  25|0x0000000081900000, 0x0000000081a00000, 0x0000000081a00000|100%|HS|  |TAMS 0x0000000081a00000, 0x0000000081900000| Complete 
|  26|0x0000000081a00000, 0x0000000081b00000, 0x0000000081b00000|100%|HC|  |TAMS 0x0000000081b00000, 0x0000000081a00000| Complete 
|  27|0x0000000081b00000, 0x0000000081c00000, 0x0000000081c00000|100%| O|  |TAMS 0x0000000081c00000, 0x0000000081b00000| Untracked 
|  28|0x0000000081c00000, 0x0000000081d00000, 0x0000000081d00000|100%| O|  |TAMS 0x0000000081d00000, 0x0000000081c00000| Untracked 
|  29|0x0000000081d00000, 0x0000000081e00000, 0x0000000081e00000|100%| O|  |TAMS 0x0000000081e00000, 0x0000000081d00000| Untracked 
|  30|0x0000000081e00000, 0x0000000081f00000, 0x0000000081f00000|100%| O|  |TAMS 0x0000000081f00000, 0x0000000081e00000| Untracked 
|  31|0x0000000081f00000, 0x0000000082000000, 0x0000000082000000|100%| O|  |TAMS 0x0000000082000000, 0x0000000081f00000| Untracked 
|  32|0x0000000082000000, 0x0000000082100000, 0x0000000082100000|100%| O|  |TAMS 0x0000000082100000, 0x0000000082000000| Untracked 
|  33|0x0000000082100000, 0x0000000082200000, 0x0000000082200000|100%| O|  |TAMS 0x0000000082200000, 0x0000000082100000| Untracked 
|  34|0x0000000082200000, 0x0000000082300000, 0x0000000082300000|100%| O|  |TAMS 0x0000000082300000, 0x0000000082200000| Untracked 
|  35|0x0000000082300000, 0x0000000082400000, 0x0000000082400000|100%| O|  |TAMS 0x0000000082400000, 0x0000000082300000| Untracked 
|  36|0x0000000082400000, 0x0000000082500000, 0x0000000082500000|100%| O|  |TAMS 0x0000000082500000, 0x0000000082400000| Untracked 
|  37|0x0000000082500000, 0x0000000082600000, 0x0000000082600000|100%| O|  |TAMS 0x0000000082600000, 0x0000000082500000| Untracked 
|  38|0x0000000082600000, 0x0000000082700000, 0x0000000082700000|100%| O|  |TAMS 0x0000000082700000, 0x0000000082600000| Untracked 
|  39|0x0000000082700000, 0x0000000082800000, 0x0000000082800000|100%| O|  |TAMS 0x0000000082800000, 0x0000000082700000| Untracked 
|  40|0x0000000082800000, 0x0000000082900000, 0x0000000082900000|100%| O|  |TAMS 0x0000000082900000, 0x0000000082800000| Untracked 
|  41|0x0000000082900000, 0x0000000082a00000, 0x0000000082a00000|100%| O|  |TAMS 0x0000000082a00000, 0x0000000082900000| Untracked 
|  42|0x0000000082a00000, 0x0000000082b00000, 0x0000000082b00000|100%| O|  |TAMS 0x0000000082b00000, 0x0000000082a00000| Untracked 
|  43|0x0000000082b00000, 0x0000000082c00000, 0x0000000082c00000|100%| O|  |TAMS 0x0000000082c00000, 0x0000000082b00000| Untracked 
|  44|0x0000000082c00000, 0x0000000082d00000, 0x0000000082d00000|100%| O|  |TAMS 0x0000000082d00000, 0x0000000082c00000| Untracked 
|  45|0x0000000082d00000, 0x0000000082e00000, 0x0000000082e00000|100%| O|  |TAMS 0x0000000082e00000, 0x0000000082d00000| Untracked 
|  46|0x0000000082e00000, 0x0000000082f00000, 0x0000000082f00000|100%| O|  |TAMS 0x0000000082f00000, 0x0000000082e00000| Untracked 
|  47|0x0000000082f00000, 0x0000000083000000, 0x0000000083000000|100%| O|  |TAMS 0x0000000083000000, 0x0000000082f00000| Untracked 
|  48|0x0000000083000000, 0x0000000083100000, 0x0000000083100000|100%| O|  |TAMS 0x0000000083100000, 0x0000000083000000| Untracked 
|  49|0x0000000083100000, 0x0000000083200000, 0x0000000083200000|100%| O|  |TAMS 0x0000000083200000, 0x0000000083100000| Untracked 
|  50|0x0000000083200000, 0x0000000083300000, 0x0000000083300000|100%| O|  |TAMS 0x0000000083300000, 0x0000000083200000| Untracked 
|  51|0x0000000083300000, 0x0000000083400000, 0x0000000083400000|100%| O|  |TAMS 0x0000000083400000, 0x0000000083300000| Untracked 
|  52|0x0000000083400000, 0x0000000083500000, 0x0000000083500000|100%| O|  |TAMS 0x0000000083500000, 0x0000000083400000| Untracked 
|  53|0x0000000083500000, 0x0000000083600000, 0x0000000083600000|100%| O|  |TAMS 0x0000000083600000, 0x0000000083500000| Untracked 
|  54|0x0000000083600000, 0x0000000083700000, 0x0000000083700000|100%| O|  |TAMS 0x00000000836db800, 0x0000000083600000| Untracked 
|  55|0x0000000083700000, 0x0000000083800000, 0x0000000083800000|100%| O|  |TAMS 0x0000000083800000, 0x0000000083700000| Untracked 
|  56|0x0000000083800000, 0x0000000083900000, 0x0000000083900000|100%| O|  |TAMS 0x0000000083900000, 0x0000000083800000| Untracked 
|  57|0x0000000083900000, 0x0000000083a00000, 0x0000000083a00000|100%| O|  |TAMS 0x0000000083a00000, 0x0000000083900000| Untracked 
|  58|0x0000000083a00000, 0x0000000083b00000, 0x0000000083b00000|100%| O|  |TAMS 0x0000000083b00000, 0x0000000083a00000| Untracked 
|  59|0x0000000083b00000, 0x0000000083c00000, 0x0000000083c00000|100%| O|  |TAMS 0x0000000083b00000, 0x0000000083b00000| Untracked 
|  60|0x0000000083c00000, 0x0000000083d00000, 0x0000000083d00000|100%| O|  |TAMS 0x0000000083d00000, 0x0000000083c00000| Untracked 
|  61|0x0000000083d00000, 0x0000000083e00000, 0x0000000083e00000|100%| O|  |TAMS 0x0000000083d00000, 0x0000000083d00000| Untracked 
|  62|0x0000000083e00000, 0x0000000083f00000, 0x0000000083f00000|100%| O|  |TAMS 0x0000000083e00000, 0x0000000083e00000| Untracked 
|  63|0x0000000083f00000, 0x0000000084000000, 0x0000000084000000|100%| O|  |TAMS 0x0000000083f00000, 0x0000000083f00000| Untracked 
|  64|0x0000000084000000, 0x0000000084100000, 0x0000000084100000|100%| O|  |TAMS 0x0000000084000000, 0x0000000084000000| Untracked 
|  65|0x0000000084100000, 0x0000000084200000, 0x0000000084200000|100%| O|  |TAMS 0x0000000084100000, 0x0000000084100000| Untracked 
|  66|0x0000000084200000, 0x0000000084300000, 0x0000000084300000|100%| O|  |TAMS 0x0000000084200000, 0x0000000084200000| Untracked 
|  67|0x0000000084300000, 0x0000000084400000, 0x0000000084400000|100%| O|  |TAMS 0x0000000084300000, 0x0000000084300000| Untracked 
|  68|0x0000000084400000, 0x0000000084500000, 0x0000000084500000|100%| O|  |TAMS 0x0000000084400000, 0x0000000084400000| Untracked 
|  69|0x0000000084500000, 0x0000000084600000, 0x0000000084600000|100%| O|  |TAMS 0x0000000084500000, 0x0000000084500000| Untracked 
|  70|0x0000000084600000, 0x0000000084700000, 0x0000000084700000|100%| O|  |TAMS 0x0000000084600000, 0x0000000084600000| Untracked 
|  71|0x0000000084700000, 0x0000000084800000, 0x0000000084800000|100%| O|  |TAMS 0x0000000084700000, 0x0000000084700000| Untracked 
|  72|0x0000000084800000, 0x0000000084900000, 0x0000000084900000|100%| O|  |TAMS 0x0000000084800000, 0x0000000084800000| Untracked 
|  73|0x0000000084900000, 0x0000000084a00000, 0x0000000084a00000|100%| O|  |TAMS 0x0000000084900000, 0x0000000084900000| Untracked 
|  74|0x0000000084a00000, 0x0000000084b00000, 0x0000000084b00000|100%| O|  |TAMS 0x0000000084b00000, 0x0000000084a00000| Untracked 
|  75|0x0000000084b00000, 0x0000000084c00000, 0x0000000084c00000|100%| O|  |TAMS 0x0000000084c00000, 0x0000000084b00000| Untracked 
|  76|0x0000000084c00000, 0x0000000084d00000, 0x0000000084d00000|100%| O|  |TAMS 0x0000000084d00000, 0x0000000084c00000| Untracked 
|  77|0x0000000084d00000, 0x0000000084e00000, 0x0000000084e00000|100%| O|  |TAMS 0x0000000084d00000, 0x0000000084d00000| Untracked 
|  78|0x0000000084e00000, 0x0000000084f00000, 0x0000000084f00000|100%| O|  |TAMS 0x0000000084e00000, 0x0000000084e00000| Untracked 
|  79|0x0000000084f00000, 0x0000000085000000, 0x0000000085000000|100%| O|  |TAMS 0x0000000084f00000, 0x0000000084f00000| Untracked 
|  80|0x0000000085000000, 0x0000000085100000, 0x0000000085100000|100%| O|  |TAMS 0x0000000085000000, 0x0000000085000000| Untracked 
|  81|0x0000000085100000, 0x0000000085200000, 0x0000000085200000|100%| O|  |TAMS 0x0000000085100000, 0x0000000085100000| Untracked 
|  82|0x0000000085200000, 0x0000000085300000, 0x0000000085300000|100%| O|  |TAMS 0x0000000085200000, 0x0000000085200000| Untracked 
|  83|0x0000000085300000, 0x0000000085400000, 0x0000000085400000|100%| O|  |TAMS 0x0000000085300000, 0x0000000085300000| Untracked 
|  84|0x0000000085400000, 0x0000000085500000, 0x0000000085500000|100%| O|  |TAMS 0x0000000085400000, 0x0000000085400000| Untracked 
|  85|0x0000000085500000, 0x0000000085600000, 0x0000000085600000|100%| O|  |TAMS 0x0000000085500000, 0x0000000085500000| Untracked 
|  86|0x0000000085600000, 0x0000000085700000, 0x0000000085700000|100%| O|  |TAMS 0x0000000085600000, 0x0000000085600000| Untracked 
|  87|0x0000000085700000, 0x0000000085742400, 0x0000000085800000| 25%| O|  |TAMS 0x0000000085700000, 0x0000000085700000| Untracked 
|  88|0x0000000085800000, 0x0000000085800000, 0x0000000085900000|  0%| F|  |TAMS 0x0000000085800000, 0x0000000085800000| Untracked 
|  89|0x0000000085900000, 0x0000000085900000, 0x0000000085a00000|  0%| F|  |TAMS 0x0000000085900000, 0x0000000085900000| Untracked 
|  90|0x0000000085a00000, 0x0000000085a00000, 0x0000000085b00000|  0%| F|  |TAMS 0x0000000085a00000, 0x0000000085a00000| Untracked 
|  91|0x0000000085b00000, 0x0000000085b00000, 0x0000000085c00000|  0%| F|  |TAMS 0x0000000085b00000, 0x0000000085b00000| Untracked 
|  92|0x0000000085c00000, 0x0000000085c00000, 0x0000000085d00000|  0%| F|  |TAMS 0x0000000085c00000, 0x0000000085c00000| Untracked 
|  93|0x0000000085d00000, 0x0000000085d00000, 0x0000000085e00000|  0%| F|  |TAMS 0x0000000085d00000, 0x0000000085d00000| Untracked 
|  94|0x0000000085e00000, 0x0000000085e00000, 0x0000000085f00000|  0%| F|  |TAMS 0x0000000085e00000, 0x0000000085e00000| Untracked 
|  95|0x0000000085f00000, 0x0000000085f00000, 0x0000000086000000|  0%| F|  |TAMS 0x0000000085f00000, 0x0000000085f00000| Untracked 
|  96|0x0000000086000000, 0x0000000086000000, 0x0000000086100000|  0%| F|  |TAMS 0x0000000086000000, 0x0000000086000000| Untracked 
|  97|0x0000000086100000, 0x0000000086100000, 0x0000000086200000|  0%| F|  |TAMS 0x0000000086100000, 0x0000000086100000| Untracked 
|  98|0x0000000086200000, 0x0000000086200000, 0x0000000086300000|  0%| F|  |TAMS 0x0000000086200000, 0x0000000086200000| Untracked 
|  99|0x0000000086300000, 0x0000000086300000, 0x0000000086400000|  0%| F|  |TAMS 0x0000000086300000, 0x0000000086300000| Untracked 
| 100|0x0000000086400000, 0x0000000086400000, 0x0000000086500000|  0%| F|  |TAMS 0x0000000086400000, 0x0000000086400000| Untracked 
| 101|0x0000000086500000, 0x0000000086500000, 0x0000000086600000|  0%| F|  |TAMS 0x0000000086500000, 0x0000000086500000| Untracked 
| 102|0x0000000086600000, 0x0000000086600000, 0x0000000086700000|  0%| F|  |TAMS 0x0000000086600000, 0x0000000086600000| Untracked 
| 103|0x0000000086700000, 0x0000000086700000, 0x0000000086800000|  0%| F|  |TAMS 0x0000000086700000, 0x0000000086700000| Untracked 
| 104|0x0000000086800000, 0x0000000086800000, 0x0000000086900000|  0%| F|  |TAMS 0x0000000086800000, 0x0000000086800000| Untracked 
| 105|0x0000000086900000, 0x0000000086900000, 0x0000000086a00000|  0%| F|  |TAMS 0x0000000086900000, 0x0000000086900000| Untracked 
| 106|0x0000000086a00000, 0x0000000086a00000, 0x0000000086b00000|  0%| F|  |TAMS 0x0000000086a00000, 0x0000000086a00000| Untracked 
| 107|0x0000000086b00000, 0x0000000086b00000, 0x0000000086c00000|  0%| F|  |TAMS 0x0000000086b00000, 0x0000000086b00000| Untracked 
| 108|0x0000000086c00000, 0x0000000086c00000, 0x0000000086d00000|  0%| F|  |TAMS 0x0000000086c00000, 0x0000000086c00000| Untracked 
| 109|0x0000000086d00000, 0x0000000086d00000, 0x0000000086e00000|  0%| F|  |TAMS 0x0000000086d00000, 0x0000000086d00000| Untracked 
| 110|0x0000000086e00000, 0x0000000086e00000, 0x0000000086f00000|  0%| F|  |TAMS 0x0000000086e00000, 0x0000000086e00000| Untracked 
| 111|0x0000000086f00000, 0x0000000086f00000, 0x0000000087000000|  0%| F|  |TAMS 0x0000000086f00000, 0x0000000086f00000| Untracked 
| 112|0x0000000087000000, 0x0000000087000000, 0x0000000087100000|  0%| F|  |TAMS 0x0000000087000000, 0x0000000087000000| Untracked 
| 113|0x0000000087100000, 0x0000000087100000, 0x0000000087200000|  0%| F|  |TAMS 0x0000000087100000, 0x0000000087100000| Untracked 
| 114|0x0000000087200000, 0x0000000087200000, 0x0000000087300000|  0%| F|  |TAMS 0x0000000087200000, 0x0000000087200000| Untracked 
| 115|0x0000000087300000, 0x0000000087300000, 0x0000000087400000|  0%| F|  |TAMS 0x0000000087300000, 0x0000000087300000| Untracked 
| 116|0x0000000087400000, 0x0000000087400000, 0x0000000087500000|  0%| F|  |TAMS 0x0000000087400000, 0x0000000087400000| Untracked 
| 117|0x0000000087500000, 0x0000000087500000, 0x0000000087600000|  0%| F|  |TAMS 0x0000000087500000, 0x0000000087500000| Untracked 
| 118|0x0000000087600000, 0x0000000087600000, 0x0000000087700000|  0%| F|  |TAMS 0x0000000087600000, 0x0000000087600000| Untracked 
| 119|0x0000000087700000, 0x0000000087700000, 0x0000000087800000|  0%| F|  |TAMS 0x0000000087700000, 0x0000000087700000| Untracked 
| 120|0x0000000087800000, 0x0000000087800000, 0x0000000087900000|  0%| F|  |TAMS 0x0000000087800000, 0x0000000087800000| Untracked 
| 121|0x0000000087900000, 0x0000000087900000, 0x0000000087a00000|  0%| F|  |TAMS 0x0000000087900000, 0x0000000087900000| Untracked 
| 122|0x0000000087a00000, 0x0000000087a00000, 0x0000000087b00000|  0%| F|  |TAMS 0x0000000087a00000, 0x0000000087a00000| Untracked 
| 123|0x0000000087b00000, 0x0000000087b72c78, 0x0000000087c00000| 44%| S|CS|TAMS 0x0000000087b00000, 0x0000000087b00000| Complete 
| 124|0x0000000087c00000, 0x0000000087d00000, 0x0000000087d00000|100%| S|CS|TAMS 0x0000000087c00000, 0x0000000087c00000| Complete 
| 125|0x0000000087d00000, 0x0000000087d00000, 0x0000000087e00000|  0%| F|  |TAMS 0x0000000087d00000, 0x0000000087d00000| Untracked 
| 126|0x0000000087e00000, 0x0000000087e00000, 0x0000000087f00000|  0%| F|  |TAMS 0x0000000087e00000, 0x0000000087e00000| Untracked 
| 127|0x0000000087f00000, 0x0000000087f00000, 0x0000000088000000|  0%| F|  |TAMS 0x0000000087f00000, 0x0000000087f00000| Untracked 
| 128|0x0000000088000000, 0x0000000088000000, 0x0000000088100000|  0%| F|  |TAMS 0x0000000088000000, 0x0000000088000000| Untracked 
| 129|0x0000000088100000, 0x0000000088100000, 0x0000000088200000|  0%| F|  |TAMS 0x0000000088100000, 0x0000000088100000| Untracked 
| 130|0x0000000088200000, 0x0000000088200000, 0x0000000088300000|  0%| F|  |TAMS 0x0000000088200000, 0x0000000088200000| Untracked 
| 131|0x0000000088300000, 0x0000000088300000, 0x0000000088400000|  0%| F|  |TAMS 0x0000000088300000, 0x0000000088300000| Untracked 
| 132|0x0000000088400000, 0x0000000088400000, 0x0000000088500000|  0%| F|  |TAMS 0x0000000088400000, 0x0000000088400000| Untracked 
| 133|0x0000000088500000, 0x0000000088500000, 0x0000000088600000|  0%| F|  |TAMS 0x0000000088500000, 0x0000000088500000| Untracked 
| 134|0x0000000088600000, 0x0000000088600000, 0x0000000088700000|  0%| F|  |TAMS 0x0000000088600000, 0x0000000088600000| Untracked 
| 135|0x0000000088700000, 0x0000000088700000, 0x0000000088800000|  0%| F|  |TAMS 0x0000000088700000, 0x0000000088700000| Untracked 
| 136|0x0000000088800000, 0x0000000088800000, 0x0000000088900000|  0%| F|  |TAMS 0x0000000088800000, 0x0000000088800000| Untracked 
| 137|0x0000000088900000, 0x0000000088900000, 0x0000000088a00000|  0%| F|  |TAMS 0x0000000088900000, 0x0000000088900000| Untracked 
| 138|0x0000000088a00000, 0x0000000088a00000, 0x0000000088b00000|  0%| F|  |TAMS 0x0000000088a00000, 0x0000000088a00000| Untracked 
| 139|0x0000000088b00000, 0x0000000088b00000, 0x0000000088c00000|  0%| F|  |TAMS 0x0000000088b00000, 0x0000000088b00000| Untracked 
| 140|0x0000000088c00000, 0x0000000088c00000, 0x0000000088d00000|  0%| F|  |TAMS 0x0000000088c00000, 0x0000000088c00000| Untracked 
| 141|0x0000000088d00000, 0x0000000088d00000, 0x0000000088e00000|  0%| F|  |TAMS 0x0000000088d00000, 0x0000000088d00000| Untracked 
| 142|0x0000000088e00000, 0x0000000088e00000, 0x0000000088f00000|  0%| F|  |TAMS 0x0000000088e00000, 0x0000000088e00000| Untracked 
| 143|0x0000000088f00000, 0x0000000088f00000, 0x0000000089000000|  0%| F|  |TAMS 0x0000000088f00000, 0x0000000088f00000| Untracked 
| 144|0x0000000089000000, 0x0000000089000000, 0x0000000089100000|  0%| F|  |TAMS 0x0000000089000000, 0x0000000089000000| Untracked 
| 145|0x0000000089100000, 0x0000000089100000, 0x0000000089200000|  0%| F|  |TAMS 0x0000000089100000, 0x0000000089100000| Untracked 
| 146|0x0000000089200000, 0x0000000089200000, 0x0000000089300000|  0%| F|  |TAMS 0x0000000089200000, 0x0000000089200000| Untracked 
| 147|0x0000000089300000, 0x0000000089300000, 0x0000000089400000|  0%| F|  |TAMS 0x0000000089300000, 0x0000000089300000| Untracked 
| 148|0x0000000089400000, 0x0000000089400000, 0x0000000089500000|  0%| F|  |TAMS 0x0000000089400000, 0x0000000089400000| Untracked 
| 149|0x0000000089500000, 0x0000000089500000, 0x0000000089600000|  0%| F|  |TAMS 0x0000000089500000, 0x0000000089500000| Untracked 
| 150|0x0000000089600000, 0x0000000089600000, 0x0000000089700000|  0%| F|  |TAMS 0x0000000089600000, 0x0000000089600000| Untracked 
| 151|0x0000000089700000, 0x0000000089700000, 0x0000000089800000|  0%| F|  |TAMS 0x0000000089700000, 0x0000000089700000| Untracked 
| 152|0x0000000089800000, 0x0000000089800000, 0x0000000089900000|  0%| F|  |TAMS 0x0000000089800000, 0x0000000089800000| Untracked 
| 153|0x0000000089900000, 0x0000000089900000, 0x0000000089a00000|  0%| F|  |TAMS 0x0000000089900000, 0x0000000089900000| Untracked 
| 154|0x0000000089a00000, 0x0000000089a00000, 0x0000000089b00000|  0%| F|  |TAMS 0x0000000089a00000, 0x0000000089a00000| Untracked 
| 155|0x0000000089b00000, 0x0000000089b00000, 0x0000000089c00000|  0%| F|  |TAMS 0x0000000089b00000, 0x0000000089b00000| Untracked 
| 156|0x0000000089c00000, 0x0000000089c00000, 0x0000000089d00000|  0%| F|  |TAMS 0x0000000089c00000, 0x0000000089c00000| Untracked 
| 157|0x0000000089d00000, 0x0000000089d00000, 0x0000000089e00000|  0%| F|  |TAMS 0x0000000089d00000, 0x0000000089d00000| Untracked 
| 158|0x0000000089e00000, 0x0000000089e00000, 0x0000000089f00000|  0%| F|  |TAMS 0x0000000089e00000, 0x0000000089e00000| Untracked 
| 159|0x0000000089f00000, 0x0000000089f00000, 0x000000008a000000|  0%| F|  |TAMS 0x0000000089f00000, 0x0000000089f00000| Untracked 
| 160|0x000000008a000000, 0x000000008a000000, 0x000000008a100000|  0%| F|  |TAMS 0x000000008a000000, 0x000000008a000000| Untracked 
| 161|0x000000008a100000, 0x000000008a100000, 0x000000008a200000|  0%| F|  |TAMS 0x000000008a100000, 0x000000008a100000| Untracked 
| 162|0x000000008a200000, 0x000000008a200000, 0x000000008a300000|  0%| F|  |TAMS 0x000000008a200000, 0x000000008a200000| Untracked 
| 163|0x000000008a300000, 0x000000008a300000, 0x000000008a400000|  0%| F|  |TAMS 0x000000008a300000, 0x000000008a300000| Untracked 
| 164|0x000000008a400000, 0x000000008a400000, 0x000000008a500000|  0%| F|  |TAMS 0x000000008a400000, 0x000000008a400000| Untracked 
| 165|0x000000008a500000, 0x000000008a500000, 0x000000008a600000|  0%| F|  |TAMS 0x000000008a500000, 0x000000008a500000| Untracked 
| 166|0x000000008a600000, 0x000000008a600000, 0x000000008a700000|  0%| F|  |TAMS 0x000000008a600000, 0x000000008a600000| Untracked 
| 167|0x000000008a700000, 0x000000008a700000, 0x000000008a800000|  0%| F|  |TAMS 0x000000008a700000, 0x000000008a700000| Untracked 

Card table byte_map: [0x0000017ef2760000,0x0000017ef2b60000] _byte_map_base: 0x0000017ef2360000

Marking Bits (Prev, Next): (CMBitMap*) 0x0000017edef88e08, (CMBitMap*) 0x0000017edef88e40
 Prev Bits: [0x0000017ef2f60000, 0x0000017ef4f60000)
 Next Bits: [0x0000017ef4f60000, 0x0000017ef6f60000)

Polling page: 0x0000017edf030000

Metaspace:

Usage:
  Non-class:     85.01 MB capacity,    83.54 MB ( 98%) used,     1.21 MB (  1%) free+waste,   253.94 KB ( <1%) overhead. 
      Class:     12.84 MB capacity,    12.07 MB ( 94%) used,   674.31 KB (  5%) free+waste,   112.81 KB ( <1%) overhead. 
       Both:     97.84 MB capacity,    95.61 MB ( 98%) used,     1.87 MB (  2%) free+waste,   366.75 KB ( <1%) overhead. 

Virtual space:
  Non-class space:       86.00 MB reserved,      85.20 MB (>99%) committed 
      Class space:        1.00 GB reserved,      12.88 MB (  1%) committed 
             Both:        1.08 GB reserved,      98.07 MB (  9%) committed 

Chunk freelists:
   Non-Class:  6.00 KB
       Class:  6.00 KB
        Both:  12.00 KB

MaxMetaspaceSize: 17179869184.00 GB
CompressedClassSpaceSize: 1.00 GB

CodeHeap 'non-profiled nmethods': size=120000Kb used=8659Kb max_used=8659Kb free=111340Kb
 bounds [0x0000017eea3c0000, 0x0000017eeac40000, 0x0000017ef18f0000]
CodeHeap 'profiled nmethods': size=120000Kb used=31857Kb max_used=31857Kb free=88142Kb
 bounds [0x0000017ee2e90000, 0x0000017ee4db0000, 0x0000017eea3c0000]
CodeHeap 'non-nmethods': size=5760Kb used=2285Kb max_used=2344Kb free=3474Kb
 bounds [0x0000017ee28f0000, 0x0000017ee2b60000, 0x0000017ee2e90000]
 total_blobs=14980 nmethods=14093 adapters=796
 compilation: enabled
              stopped_count=0, restarted_count=0
 full_count=0

Compilation events (20 events):
Event: 34.459 Thread 0x0000017ef9a35000 nmethod 14537 0x0000017ee4d95e10 code [0x0000017ee4d95fe0, 0x0000017ee4d96228]
Event: 34.459 Thread 0x0000017ef9a35000 14540       3       com.android.tools.r8.ir.optimize.c0::<init> (195 bytes)
Event: 34.462 Thread 0x0000017ef9a35000 nmethod 14540 0x0000017ee4d96310 code [0x0000017ee4d966a0, 0x0000017ee4d98478]
Event: 34.462 Thread 0x0000017ef9a35000 14539       3       com.android.tools.r8.v.b.h0::K (2 bytes)
Event: 34.462 Thread 0x0000017ef9a35000 nmethod 14539 0x0000017ee4d98c90 code [0x0000017ee4d98e40, 0x0000017ee4d98f38]
Event: 34.462 Thread 0x0000017ef9a35000 14544       3       com.android.tools.r8.w.a.a.a.f.k0::m (52 bytes)
Event: 34.463 Thread 0x0000017ef9a35000 nmethod 14544 0x0000017ee4d99010 code [0x0000017ee4d99200, 0x0000017ee4d99668]
Event: 34.463 Thread 0x0000017ef9a35000 14542       3       com.android.tools.r8.v.b.v1::f (73 bytes)
Event: 34.463 Thread 0x0000017ef9a35000 nmethod 14542 0x0000017ee4d99810 code [0x0000017ee4d999c0, 0x0000017ee4d99b98]
Event: 34.463 Thread 0x0000017ef9a35000 14541       3       com.android.tools.r8.ir.optimize.c0::b (69 bytes)
Event: 34.464 Thread 0x0000017ef9a35000 nmethod 14541 0x0000017ee4d99c90 code [0x0000017ee4d99ec0, 0x0000017ee4d9a608]
Event: 34.464 Thread 0x0000017ef9a35000 14545       3       com.android.tools.r8.graph.z::a (81 bytes)
Event: 34.465 Thread 0x0000017ef9a35000 nmethod 14545 0x0000017ee4d9a990 code [0x0000017ee4d9ac20, 0x0000017ee4d9b9d8]
Event: 34.465 Thread 0x0000017ef9a35000 14546       3       com.android.tools.r8.r.o.p::d (2 bytes)
Event: 34.465 Thread 0x0000017ef9a35000 nmethod 14546 0x0000017ee4d9be10 code [0x0000017ee4d9bfc0, 0x0000017ee4d9c0b8]
Event: 34.465 Thread 0x0000017ef9a35000 14538       3       com.android.tools.r8.v.a.j.e::a (184 bytes)
Event: 34.470 Thread 0x0000017ef9a35000 nmethod 14538 0x0000017ee4d9c190 code [0x0000017ee4d9c760, 0x0000017ee4da0828]
Event: 34.470 Thread 0x0000017ef9a35000 14551       3       com.android.tools.r8.v.c.f0::a (913 bytes)
Event: 34.484 Thread 0x0000017ef9a35000 nmethod 14551 0x0000017ee4da1a10 code [0x0000017ee4da2820, 0x0000017ee4dab568]
Event: 34.484 Thread 0x0000017ef9a35000 14561       3       com.android.tools.r8.ir.optimize.Z::a (1305 bytes)

GC Heap History (20 events):
Event: 26.464 GC heap after
{Heap after GC invocations=37 (full 0):
 garbage-first heap   total 143360K, used 66172K [0x0000000080000000, 0x0000000100000000)
  region size 1024K, 1 young (1024K), 1 survivors (1024K)
 Metaspace       used 81788K, capacity 83706K, committed 84044K, reserved 1122304K
  class space    used 10364K, capacity 11056K, committed 11136K, reserved 1048576K
}
Event: 26.865 GC heap before
{Heap before GC invocations=37 (full 0):
 garbage-first heap   total 143360K, used 97916K [0x0000000080000000, 0x0000000100000000)
  region size 1024K, 32 young (32768K), 1 survivors (1024K)
 Metaspace       used 82477K, capacity 84391K, committed 84556K, reserved 1122304K
  class space    used 10409K, capacity 11090K, committed 11136K, reserved 1048576K
}
Event: 26.870 GC heap after
{Heap after GC invocations=38 (full 0):
 garbage-first heap   total 143360K, used 67785K [0x0000000080000000, 0x0000000100000000)
  region size 1024K, 3 young (3072K), 3 survivors (3072K)
 Metaspace       used 82477K, capacity 84391K, committed 84556K, reserved 1122304K
  class space    used 10409K, capacity 11090K, committed 11136K, reserved 1048576K
}
Event: 27.548 GC heap before
{Heap before GC invocations=39 (full 0):
 garbage-first heap   total 143360K, used 99529K [0x0000000080000000, 0x0000000100000000)
  region size 1024K, 35 young (35840K), 3 survivors (3072K)
 Metaspace       used 83372K, capacity 85358K, committed 85452K, reserved 1124352K
  class space    used 10505K, capacity 11198K, committed 11264K, reserved 1048576K
}
Event: 27.554 GC heap after
{Heap after GC invocations=40 (full 0):
 garbage-first heap   total 143360K, used 68129K [0x0000000080000000, 0x0000000100000000)
  region size 1024K, 3 young (3072K), 3 survivors (3072K)
 Metaspace       used 83372K, capacity 85358K, committed 85452K, reserved 1124352K
  class space    used 10505K, capacity 11198K, committed 11264K, reserved 1048576K
}
Event: 27.664 GC heap before
{Heap before GC invocations=40 (full 0):
 garbage-first heap   total 143360K, used 72225K [0x0000000080000000, 0x0000000100000000)
  region size 1024K, 7 young (7168K), 3 survivors (3072K)
 Metaspace       used 83677K, capacity 85614K, committed 85708K, reserved 1124352K
  class space    used 10539K, capacity 11198K, committed 11264K, reserved 1048576K
}
Event: 27.669 GC heap after
{Heap after GC invocations=41 (full 0):
 garbage-first heap   total 143360K, used 65832K [0x0000000080000000, 0x0000000100000000)
  region size 1024K, 1 young (1024K), 1 survivors (1024K)
 Metaspace       used 83677K, capacity 85614K, committed 85708K, reserved 1124352K
  class space    used 10539K, capacity 11198K, committed 11264K, reserved 1048576K
}
Event: 28.611 GC heap before
{Heap before GC invocations=41 (full 0):
 garbage-first heap   total 143360K, used 102696K [0x0000000080000000, 0x0000000100000000)
  region size 1024K, 37 young (37888K), 1 survivors (1024K)
 Metaspace       used 86415K, capacity 88399K, committed 88652K, reserved 1126400K
  class space    used 10877K, capacity 11550K, committed 11648K, reserved 1048576K
}
Event: 28.617 GC heap after
{Heap after GC invocations=42 (full 0):
 garbage-first heap   total 172032K, used 67858K [0x0000000080000000, 0x0000000100000000)
  region size 1024K, 3 young (3072K), 3 survivors (3072K)
 Metaspace       used 86415K, capacity 88399K, committed 88652K, reserved 1126400K
  class space    used 10877K, capacity 11550K, committed 11648K, reserved 1048576K
}
Event: 30.560 GC heap before
{Heap before GC invocations=43 (full 0):
 garbage-first heap   total 172032K, used 118034K [0x0000000080000000, 0x0000000100000000)
  region size 1024K, 53 young (54272K), 3 survivors (3072K)
 Metaspace       used 87758K, capacity 89730K, committed 89804K, reserved 1128448K
  class space    used 11026K, capacity 11723K, committed 11776K, reserved 1048576K
}
Event: 30.570 GC heap after
{Heap after GC invocations=44 (full 0):
 garbage-first heap   total 172032K, used 71522K [0x0000000080000000, 0x0000000100000000)
  region size 1024K, 6 young (6144K), 6 survivors (6144K)
 Metaspace       used 87758K, capacity 89730K, committed 89804K, reserved 1128448K
  class space    used 11026K, capacity 11723K, committed 11776K, reserved 1048576K
}
Event: 30.615 GC heap before
{Heap before GC invocations=44 (full 0):
 garbage-first heap   total 172032K, used 73570K [0x0000000080000000, 0x0000000100000000)
  region size 1024K, 8 young (8192K), 6 survivors (6144K)
 Metaspace       used 87781K, capacity 89730K, committed 89804K, reserved 1128448K
  class space    used 11027K, capacity 11723K, committed 11776K, reserved 1048576K
}
Event: 30.623 GC heap after
{Heap after GC invocations=45 (full 0):
 garbage-first heap   total 172032K, used 71198K [0x0000000080000000, 0x0000000100000000)
  region size 1024K, 1 young (1024K), 1 survivors (1024K)
 Metaspace       used 87781K, capacity 89730K, committed 89804K, reserved 1128448K
  class space    used 11027K, capacity 11723K, committed 11776K, reserved 1048576K
}
Event: 31.166 GC heap before
{Heap before GC invocations=45 (full 0):
 garbage-first heap   total 172032K, used 122398K [0x0000000080000000, 0x0000000100000000)
  region size 1024K, 52 young (53248K), 1 survivors (1024K)
 Metaspace       used 89377K, capacity 91332K, committed 91596K, reserved 1128448K
  class space    used 11249K, capacity 11929K, committed 12032K, reserved 1048576K
}
Event: 31.173 GC heap after
{Heap after GC invocations=46 (full 0):
 garbage-first heap   total 172032K, used 78792K [0x0000000080000000, 0x0000000100000000)
  region size 1024K, 7 young (7168K), 7 survivors (7168K)
 Metaspace       used 89377K, capacity 91332K, committed 91596K, reserved 1128448K
  class space    used 11249K, capacity 11929K, committed 12032K, reserved 1048576K
}
Event: 32.252 GC heap before
{Heap before GC invocations=46 (full 0):
 garbage-first heap   total 172032K, used 128968K [0x0000000080000000, 0x0000000100000000)
  region size 1024K, 55 young (56320K), 7 survivors (7168K)
 Metaspace       used 92584K, capacity 94678K, committed 94796K, reserved 1132544K
  class space    used 11682K, capacity 12395K, committed 12416K, reserved 1048576K
}
Event: 32.266 GC heap after
{Heap after GC invocations=47 (full 0):
 garbage-first heap   total 172032K, used 83096K [0x0000000080000000, 0x0000000100000000)
  region size 1024K, 7 young (7168K), 7 survivors (7168K)
 Metaspace       used 92584K, capacity 94678K, committed 94796K, reserved 1132544K
  class space    used 11682K, capacity 12395K, committed 12416K, reserved 1048576K
}
Event: 33.194 GC heap before
{Heap before GC invocations=47 (full 0):
 garbage-first heap   total 172032K, used 130200K [0x0000000080000000, 0x0000000100000000)
  region size 1024K, 53 young (54272K), 7 survivors (7168K)
 Metaspace       used 95831K, capacity 98052K, committed 98252K, reserved 1134592K
  class space    used 12182K, capacity 12957K, committed 13056K, reserved 1048576K
}
Event: 33.212 GC heap after
{Heap after GC invocations=48 (full 0):
 garbage-first heap   total 172032K, used 89421K [0x0000000080000000, 0x0000000100000000)
  region size 1024K, 7 young (7168K), 7 survivors (7168K)
 Metaspace       used 95831K, capacity 98052K, committed 98252K, reserved 1134592K
  class space    used 12182K, capacity 12957K, committed 13056K, reserved 1048576K
}
Event: 34.493 GC heap before
{Heap before GC invocations=48 (full 0):
 garbage-first heap   total 172032K, used 133453K [0x0000000080000000, 0x0000000100000000)
  region size 1024K, 50 young (51200K), 7 survivors (7168K)
 Metaspace       used 97908K, capacity 100192K, committed 100428K, reserved 1136640K
  class space    used 12358K, capacity 13146K, committed 13184K, reserved 1048576K
}

Deoptimization events (20 events):
Event: 34.360 Thread 0x0000017efca28800 Uncommon trap: trap_request=0xffffff7e fr.pc=0x0000017eeab3a564 relative=0x0000000000000244
Event: 34.360 Thread 0x0000017efca28800 Uncommon trap: reason=predicate action=maybe_recompile pc=0x0000017eeab3a564 method=com.android.tools.r8.graph.q0.a([C)I @ 8 c2
Event: 34.360 Thread 0x0000017efca28800 DEOPT PACKING pc=0x0000017eeab3a564 sp=0x000000582bcfa160
Event: 34.360 Thread 0x0000017efca28800 DEOPT UNPACKING pc=0x0000017ee29174af sp=0x000000582bcfa0e8 mode 2
Event: 34.419 Thread 0x0000017efca28800 Uncommon trap: trap_request=0xffffff4d fr.pc=0x0000017eeac1ada0 relative=0x00000000000001a0
Event: 34.419 Thread 0x0000017efca28800 Uncommon trap: reason=unstable_if action=reinterpret pc=0x0000017eeac1ada0 method=com.android.tools.r8.v.b.v1.a(Lcom/android/tools/r8/v/b/x1;)Lcom/android/tools/r8/v/a/t/u; @ 26 c2
Event: 34.419 Thread 0x0000017efca28800 DEOPT PACKING pc=0x0000017eeac1ada0 sp=0x000000582bcf9510
Event: 34.419 Thread 0x0000017efca28800 DEOPT UNPACKING pc=0x0000017ee29174af sp=0x000000582bcf94a0 mode 2
Event: 34.419 Thread 0x0000017efca28800 Uncommon trap: trap_request=0xffffff4d fr.pc=0x0000017eeac23584 relative=0x00000000000000c4
Event: 34.419 Thread 0x0000017efca28800 Uncommon trap: reason=unstable_if action=reinterpret pc=0x0000017eeac23584 method=com.android.tools.r8.v.b.w1.a(Lcom/android/tools/r8/graph/r0;)Lcom/android/tools/r8/v/b/w1; @ 12 c2
Event: 34.419 Thread 0x0000017efca28800 DEOPT PACKING pc=0x0000017eeac23584 sp=0x000000582bcf9840
Event: 34.419 Thread 0x0000017efca28800 DEOPT UNPACKING pc=0x0000017ee29174af sp=0x000000582bcf9768 mode 2
Event: 34.422 Thread 0x0000017efca28800 Uncommon trap: trap_request=0xffffffde fr.pc=0x0000017eeabf7c70 relative=0x00000000000000b0
Event: 34.422 Thread 0x0000017efca28800 Uncommon trap: reason=class_check action=maybe_recompile pc=0x0000017eeabf7c70 method=com.android.tools.r8.v.b.w1.a(Lcom/android/tools/r8/v/a/t/u;)Lcom/android/tools/r8/v/b/w1; @ 34 c2
Event: 34.422 Thread 0x0000017efca28800 DEOPT PACKING pc=0x0000017eeabf7c70 sp=0x000000582bcf9ca0
Event: 34.422 Thread 0x0000017efca28800 DEOPT UNPACKING pc=0x0000017ee29174af sp=0x000000582bcf9bd8 mode 2
Event: 34.422 Thread 0x0000017efca28800 Uncommon trap: trap_request=0xffffffde fr.pc=0x0000017eeabf7c70 relative=0x00000000000000b0
Event: 34.422 Thread 0x0000017efca28800 Uncommon trap: reason=class_check action=maybe_recompile pc=0x0000017eeabf7c70 method=com.android.tools.r8.v.b.w1.a(Lcom/android/tools/r8/v/a/t/u;)Lcom/android/tools/r8/v/b/w1; @ 34 c2
Event: 34.422 Thread 0x0000017efca28800 DEOPT PACKING pc=0x0000017eeabf7c70 sp=0x000000582bcf9ca0
Event: 34.422 Thread 0x0000017efca28800 DEOPT UNPACKING pc=0x0000017ee29174af sp=0x000000582bcf9bd8 mode 2

Classes redefined (0 events):
No events

Internal exceptions (20 events):
Event: 29.571 Thread 0x0000017eff1b7000 Exception <a 'sun/nio/fs/WindowsException'{0x000000008966da40}> (0x000000008966da40) thrown at [./src/hotspot/share/prims/jni.cpp, line 615]
Event: 29.613 Thread 0x0000017eff1b7000 Exception <a 'sun/nio/fs/WindowsException'{0x00000000896878f8}> (0x00000000896878f8) thrown at [./src/hotspot/share/prims/jni.cpp, line 615]
Event: 29.613 Thread 0x0000017eff1b7000 Exception <a 'sun/nio/fs/WindowsException'{0x0000000089688728}> (0x0000000089688728) thrown at [./src/hotspot/share/prims/jni.cpp, line 615]
Event: 29.667 Thread 0x0000017e810d3000 Exception <a 'sun/nio/fs/WindowsException'{0x00000000895ac000}> (0x00000000895ac000) thrown at [./src/hotspot/share/prims/jni.cpp, line 615]
Event: 29.667 Thread 0x0000017e810d3000 Exception <a 'sun/nio/fs/WindowsException'{0x00000000895ac308}> (0x00000000895ac308) thrown at [./src/hotspot/share/prims/jni.cpp, line 615]
Event: 30.267 Thread 0x0000017efca31800 Implicit null exception at 0x0000017eeaab0064 to 0x0000017eeaab0804
Event: 30.982 Thread 0x0000017e810d3000 Exception <a 'java/lang/NoSuchMethodError'{0x0000000088ab0e48}: 'java.lang.Object java.lang.invoke.DirectMethodHandle$Holder.invokeVirtual(java.lang.Object, java.lang.Object, int)'> (0x0000000088ab0e48) thrown at [./src/hotspot/share/interpreter/linkResolver.cpp, line 773]
Event: 30.991 Thread 0x0000017e810d3000 Exception <a 'java/lang/NoSuchMethodError'{0x0000000088937cb0}: 'void java.lang.invoke.DirectMethodHandle$Holder.invokeStatic(java.lang.Object, java.lang.Object, java.lang.Object, int)'> (0x0000000088937cb0) thrown at [./src/hotspot/share/interpreter/linkResolver.cpp, line 773]
Event: 31.117 Thread 0x0000017efca28800 Exception <a 'sun/nio/fs/WindowsException'{0x0000000087826770}> (0x0000000087826770) thrown at [./src/hotspot/share/prims/jni.cpp, line 615]
Event: 31.289 Thread 0x0000017efca28800 Exception <a 'java/lang/NoSuchMethodError'{0x000000008a0feaa8}: 'int java.lang.invoke.DirectMethodHandle$Holder.invokeVirtual(java.lang.Object, java.lang.Object, java.lang.Object)'> (0x000000008a0feaa8) thrown at [./src/hotspot/share/interpreter/linkResolver.cpp, line 773]
Event: 31.389 Thread 0x0000017efca28800 Exception <a 'java/lang/NoSuchMethodError'{0x0000000089d8b190}: 'java.lang.Object java.lang.invoke.DirectMethodHandle$Holder.invokeStatic(java.lang.Object, java.lang.Object, java.lang.Object, java.lang.Object, java.lang.Object, java.lang.Object, java.lang.Object, java.lang.Object, java.lang.Object, java.lang.Object, java.lang.Object, java.lang.Object, java.lang.Object, java.lang.Object, java.lang.Object, java.lang.Object, java.lang.Object, int, java.lang.Object)'> (0x0000000089d8b190) thrown at [./src/hots
Event: 31.390 Thread 0x0000017efca28800 Exception <a 'java/lang/NoSuchMethodError'{0x0000000089d90fd8}: 'java.lang.Object java.lang.invoke.DirectMethodHandle$Holder.invokeStaticInit(java.lang.Object, java.lang.Object, java.lang.Object, java.lang.Object, java.lang.Object, java.lang.Object, java.lang.Object, java.lang.Object, java.lang.Object, java.lang.Object, java.lang.Object, java.lang.Object, java.lang.Object, java.lang.Object, java.lang.Object, java.lang.Object, java.lang.Object, int, java.lang.Object)'> (0x0000000089d90fd8) thrown at [./src/
Event: 31.555 Thread 0x0000017efca28800 Exception <a 'java/lang/NoSuchMethodError'{0x000000008963d398}: 'java.lang.Object java.lang.invoke.DirectMethodHandle$Holder.invokeStatic(java.lang.Object, long)'> (0x000000008963d398) thrown at [./src/hotspot/share/interpreter/linkResolver.cpp, line 773]
Event: 32.115 Thread 0x0000017efca28800 Exception <a 'java/lang/IncompatibleClassChangeError'{0x0000000087caa760}: Found class java.lang.Object, but interface was expected> (0x0000000087caa760) thrown at [./src/hotspot/share/interpreter/linkResolver.cpp, line 839]
Event: 32.779 Thread 0x0000017efca28800 Exception <a 'java/lang/NoSuchMethodError'{0x0000000088216e28}: 'long java.lang.invoke.DirectMethodHandle$Holder.invokeStatic(java.lang.Object, java.lang.Object)'> (0x0000000088216e28) thrown at [./src/hotspot/share/interpreter/linkResolver.cpp, line 773]
Event: 32.801 Thread 0x0000017efca28800 Exception <a 'java/lang/NoSuchMethodError'{0x000000008824bc48}: 'void java.lang.invoke.DirectMethodHandle$Holder.invokeSpecial(java.lang.Object, java.lang.Object, int, java.lang.Object)'> (0x000000008824bc48) thrown at [./src/hotspot/share/interpreter/linkResolver.cpp, line 773]
Event: 32.840 Thread 0x0000017efca28800 Exception <a 'java/lang/NoSuchMethodError'{0x0000000088150108}: 'int java.lang.invoke.DirectMethodHandle$Holder.invokeSpecial(java.lang.Object, java.lang.Object, java.lang.Object, java.lang.Object, java.lang.Object)'> (0x0000000088150108) thrown at [./src/hotspot/share/interpreter/linkResolver.cpp, line 773]
Event: 32.955 Thread 0x0000017efca28800 Exception <a 'java/lang/NoSuchMethodError'{0x0000000087f9dbe8}: 'java.lang.Object java.lang.invoke.DirectMethodHandle$Holder.invokeVirtual(java.lang.Object, java.lang.Object, int, java.lang.Object)'> (0x0000000087f9dbe8) thrown at [./src/hotspot/share/interpreter/linkResolver.cpp, line 773]
Event: 33.018 Thread 0x0000017efca28800 Exception <a 'java/lang/NoSuchMethodError'{0x0000000087ee0350}: 'void java.lang.invoke.DirectMethodHandle$Holder.invokeVirtual(java.lang.Object, java.lang.Object, int, java.lang.Object)'> (0x0000000087ee0350) thrown at [./src/hotspot/share/interpreter/linkResolver.cpp, line 773]
Event: 33.111 Thread 0x0000017efca28800 Exception <a 'java/lang/NoSuchMethodError'{0x0000000087b29538}: 'java.lang.Object java.lang.invoke.DirectMethodHandle$Holder.newInvokeSpecial(java.lang.Object, int)'> (0x0000000087b29538) thrown at [./src/hotspot/share/interpreter/linkResolver.cpp, line 773]

Events (20 events):
Event: 33.946 loading class com/android/tools/r8/w/a/a/a/f/l done
Event: 33.956 Executing VM operation: ICBufferFull
Event: 33.957 Executing VM operation: ICBufferFull done
Event: 33.990 loading class com/android/tools/r8/code/W
Event: 33.990 loading class com/android/tools/r8/code/W done
Event: 34.156 Executing VM operation: ICBufferFull
Event: 34.157 Executing VM operation: ICBufferFull done
Event: 34.344 loading class com/android/tools/r8/w/a/a/a/f/W
Event: 34.344 loading class com/android/tools/r8/w/a/a/a/f/W done
Event: 34.357 Executing VM operation: ICBufferFull
Event: 34.357 Executing VM operation: ICBufferFull done
Event: 34.443 loading class com/android/tools/r8/code/D2
Event: 34.443 loading class com/android/tools/r8/code/D2 done
Event: 34.443 loading class com/android/tools/r8/code/E2
Event: 34.443 loading class com/android/tools/r8/code/E2 done
Event: 34.444 loading class com/android/tools/r8/code/G2
Event: 34.444 loading class com/android/tools/r8/code/G2 done
Event: 34.445 loading class com/android/tools/r8/code/F2
Event: 34.445 loading class com/android/tools/r8/code/F2 done
Event: 34.493 Executing VM operation: G1CollectForAllocation


Dynamic libraries:
0x00007ff670660000 - 0x00007ff67066a000 	C:\Program Files\Android\Android Studio\jre\bin\java.exe
0x00007ffd37e30000 - 0x00007ffd38025000 	C:\Windows\SYSTEM32\ntdll.dll
0x00007ffd37550000 - 0x00007ffd3760d000 	C:\Windows\System32\KERNEL32.DLL
0x00007ffd35ae0000 - 0x00007ffd35da8000 	C:\Windows\System32\KERNELBASE.dll
0x00007ffd358e0000 - 0x00007ffd359e0000 	C:\Windows\System32\ucrtbase.dll
0x00007ffd2a850000 - 0x00007ffd2a869000 	C:\Program Files\Android\Android Studio\jre\bin\jli.dll
0x00007ffd29080000 - 0x00007ffd29097000 	C:\Program Files\Android\Android Studio\jre\bin\VCRUNTIME140.dll
0x00007ffd37990000 - 0x00007ffd37b30000 	C:\Windows\System32\USER32.dll
0x00007ffd35e70000 - 0x00007ffd35e92000 	C:\Windows\System32\win32u.dll
0x00007ffd36760000 - 0x00007ffd3678a000 	C:\Windows\System32\GDI32.dll
0x00007ffd25640000 - 0x00007ffd258da000 	C:\Windows\WinSxS\amd64_microsoft.windows.common-controls_6595b64144ccf1df_6.0.19041.1052_none_60b8f8fd71f5e8cb\COMCTL32.dll
0x00007ffd35780000 - 0x00007ffd3588b000 	C:\Windows\System32\gdi32full.dll
0x00007ffd377e0000 - 0x00007ffd3787e000 	C:\Windows\System32\msvcrt.dll
0x00007ffd359e0000 - 0x00007ffd35a7d000 	C:\Windows\System32\msvcp_win.dll
0x00007ffd377b0000 - 0x00007ffd377e0000 	C:\Windows\System32\IMM32.DLL
0x00007ffd021a0000 - 0x00007ffd0223d000 	C:\Program Files\Android\Android Studio\jre\bin\msvcp140.dll
0x00007ffcc5320000 - 0x00007ffcc5ddc000 	C:\Program Files\Android\Android Studio\jre\bin\server\jvm.dll
0x00007ffd36570000 - 0x00007ffd3661c000 	C:\Windows\System32\ADVAPI32.dll
0x00007ffd366a0000 - 0x00007ffd3673b000 	C:\Windows\System32\sechost.dll
0x00007ffd37670000 - 0x00007ffd3779b000 	C:\Windows\System32\RPCRT4.dll
0x00007ffd37b30000 - 0x00007ffd37b38000 	C:\Windows\System32\PSAPI.DLL
0x00007ffd33d30000 - 0x00007ffd33d3a000 	C:\Windows\SYSTEM32\VERSION.dll
0x00007ffce3f90000 - 0x00007ffce3f99000 	C:\Windows\SYSTEM32\WSOCK32.dll
0x00007ffd2afd0000 - 0x00007ffd2aff7000 	C:\Windows\SYSTEM32\WINMM.dll
0x00007ffd36790000 - 0x00007ffd367fb000 	C:\Windows\System32\WS2_32.dll
0x00007ffd33e40000 - 0x00007ffd33e52000 	C:\Windows\SYSTEM32\kernel.appcore.dll
0x00007ffd30ef0000 - 0x00007ffd30f01000 	C:\Program Files\Android\Android Studio\jre\bin\verify.dll
0x00007ffd2b980000 - 0x00007ffd2bb64000 	C:\Windows\SYSTEM32\DBGHELP.DLL
0x00007ffd19080000 - 0x00007ffd190ac000 	C:\Windows\SYSTEM32\dbgcore.DLL
0x00007ffd35de0000 - 0x00007ffd35e63000 	C:\Windows\System32\bcryptPrimitives.dll
0x00007ffd24dc0000 - 0x00007ffd24de9000 	C:\Program Files\Android\Android Studio\jre\bin\java.dll
0x00007ffd33500000 - 0x00007ffd3350b000 	C:\Program Files\Android\Android Studio\jre\bin\jimage.dll
0x00007ffd30e50000 - 0x00007ffd30e68000 	C:\Program Files\Android\Android Studio\jre\bin\zip.dll
0x00007ffd36800000 - 0x00007ffd36f3f000 	C:\Windows\System32\SHELL32.dll
0x00007ffd335a0000 - 0x00007ffd33d30000 	C:\Windows\SYSTEM32\windows.storage.dll
0x00007ffd37100000 - 0x00007ffd37455000 	C:\Windows\System32\combase.dll
0x00007ffd34f10000 - 0x00007ffd34f3c000 	C:\Windows\SYSTEM32\Wldp.dll
0x00007ffd37d40000 - 0x00007ffd37dee000 	C:\Windows\System32\SHCORE.dll
0x00007ffd374f0000 - 0x00007ffd37545000 	C:\Windows\System32\shlwapi.dll
0x00007ffd354b0000 - 0x00007ffd354cf000 	C:\Windows\SYSTEM32\profapi.dll
0x00007ffd2f030000 - 0x00007ffd2f04a000 	C:\Program Files\Android\Android Studio\jre\bin\net.dll
0x00007ffd2a3d0000 - 0x00007ffd2a4db000 	C:\Windows\SYSTEM32\WINHTTP.dll
0x00007ffd34c80000 - 0x00007ffd34cea000 	C:\Windows\system32\mswsock.dll
0x00007ffd2ef60000 - 0x00007ffd2ef74000 	C:\Program Files\Android\Android Studio\jre\bin\nio.dll
0x00007ffd1e690000 - 0x00007ffd1e6b7000 	C:\Users\Dell\.gradle\native\fdc75f09e3144964f2cf3f50f0aa648679c211496f362492102eb8c894070792\windows-amd64\native-platform.dll
0x00007ffd16040000 - 0x00007ffd161d6000 	C:\Users\Dell\.gradle\native\12488b8bf47d2d4c9fbf2f6322a914ad602e24e48041cd04a747c6da556b65c4\windows-amd64\native-platform-file-events.dll
0x00007ffd30ee0000 - 0x00007ffd30eea000 	C:\Program Files\Android\Android Studio\jre\bin\management.dll
0x00007ffd2ef90000 - 0x00007ffd2ef9c000 	C:\Program Files\Android\Android Studio\jre\bin\management_ext.dll
0x00007ffd34e50000 - 0x00007ffd34e68000 	C:\Windows\SYSTEM32\CRYPTSP.dll
0x00007ffd34620000 - 0x00007ffd34654000 	C:\Windows\system32\rsaenh.dll
0x00007ffd35db0000 - 0x00007ffd35dd7000 	C:\Windows\System32\bcrypt.dll
0x00007ffd35430000 - 0x00007ffd3545e000 	C:\Windows\SYSTEM32\USERENV.dll
0x00007ffd34e70000 - 0x00007ffd34e7c000 	C:\Windows\SYSTEM32\CRYPTBASE.dll
0x00007ffd34970000 - 0x00007ffd349ab000 	C:\Windows\SYSTEM32\IPHLPAPI.DLL
0x00007ffd377a0000 - 0x00007ffd377a8000 	C:\Windows\System32\NSI.dll
0x00007ffd29470000 - 0x00007ffd29487000 	C:\Windows\SYSTEM32\dhcpcsvc6.DLL
0x00007ffd2cb40000 - 0x00007ffd2cb5d000 	C:\Windows\SYSTEM32\dhcpcsvc.DLL
0x00007ffd349b0000 - 0x00007ffd34a7c000 	C:\Windows\SYSTEM32\DNSAPI.dll
0x00007ffd2cb60000 - 0x00007ffd2cb6b000 	C:\Windows\SYSTEM32\WINNSI.DLL

dbghelp: loaded successfully - version: 4.0.5 - missing functions: none
symbol engine: initialized successfully - sym options: 0x614 - pdb path: .;C:\Program Files\Android\Android Studio\jre\bin;C:\Windows\SYSTEM32;C:\Windows\WinSxS\amd64_microsoft.windows.common-controls_6595b64144ccf1df_6.0.19041.1052_none_60b8f8fd71f5e8cb;C:\Program Files\Android\Android Studio\jre\bin\server;C:\Users\Dell\.gradle\native\fdc75f09e3144964f2cf3f50f0aa648679c211496f362492102eb8c894070792\windows-amd64;C:\Users\Dell\.gradle\native\12488b8bf47d2d4c9fbf2f6322a914ad602e24e48041cd04a747c6da556b65c4\windows-amd64

VM Arguments:
jvm_args: --add-opens=java.base/java.util=ALL-UNNAMED --add-opens=java.base/java.lang=ALL-UNNAMED --add-opens=java.base/java.lang.invoke=ALL-UNNAMED --add-opens=java.prefs/java.util.prefs=ALL-UNNAMED -Xmx2048m -Dfile.encoding=UTF-8 -Duser.country=IN -Duser.language=en -Duser.variant 
java_command: org.gradle.launcher.daemon.bootstrap.GradleDaemon 6.7.1
java_class_path (initial): C:\Users\Dell\.gradle\wrapper\dists\gradle-6.7.1-bin\bwlcbys1h7rz3272sye1xwiv6\gradle-6.7.1\lib\gradle-launcher-6.7.1.jar
Launcher Type: SUN_STANDARD

[Global flags]
     intx CICompilerCount                          = 4                                         {product} {ergonomic}
     uint ConcGCThreads                            = 2                                         {product} {ergonomic}
     uint G1ConcRefinementThreads                  = 8                                         {product} {ergonomic}
   size_t G1HeapRegionSize                         = 1048576                                   {product} {ergonomic}
    uintx GCDrainStackTargetSize                   = 64                                        {product} {ergonomic}
   size_t InitialHeapSize                          = 100663296                                 {product} {ergonomic}
   size_t MarkStackSize                            = 4194304                                   {product} {ergonomic}
   size_t MaxHeapSize                              = 2147483648                                {product} {command line}
   size_t MaxNewSize                               = 1287651328                                {product} {ergonomic}
   size_t MinHeapDeltaBytes                        = 1048576                                   {product} {ergonomic}
    uintx NonNMethodCodeHeapSize                   = 5836300                                {pd product} {ergonomic}
    uintx NonProfiledCodeHeapSize                  = 122910970                              {pd product} {ergonomic}
    uintx ProfiledCodeHeapSize                     = 122910970                              {pd product} {ergonomic}
    uintx ReservedCodeCacheSize                    = 251658240                              {pd product} {ergonomic}
     bool SegmentedCodeCache                       = true                                      {product} {ergonomic}
     bool UseCompressedClassPointers               = true                                 {lp64_product} {ergonomic}
     bool UseCompressedOops                        = true                                 {lp64_product} {ergonomic}
     bool UseG1GC                                  = true                                      {product} {ergonomic}
     bool UseLargePagesIndividualAllocation        = false                                  {pd product} {ergonomic}

Logging:
Log output configuration:
 #0: stdout all=warning uptime,level,tags
 #1: stderr all=off uptime,level,tags

Environment Variables:
PATH=C:\Windows\system32;C:\Windows;C:\Windows\System32\Wbem;C:\Windows\System32\WindowsPowerShell\v1.0\;C:\Windows\System32\OpenSSH\;C:\Program Files\Git\cmd;C:\Users\Dell\AppData\Local\Microsoft\WindowsApps;;C:\Program Files\JetBrains\IntelliJ IDEA Community Edition 2021.1\bin;
USERNAME=Dell
OS=Windows_NT
PROCESSOR_IDENTIFIER=AMD64 Family 23 Model 24 Stepping 1, AuthenticAMD



---------------  S Y S T E M  ---------------

OS: Windows 10 , 64 bit Build 19041 (10.0.19041.1023)
OS uptime: 5 days 16:11 hours

CPU:total 8 (initial active 8) (8 cores per cpu, 2 threads per core) family 23 model 24 stepping 1, cmov, cx8, fxsr, mmx, sse, sse2, sse3, ssse3, sse4.1, sse4.2, popcnt, avx, avx2, aes, clmul, mmxext, 3dnowpref, lzcnt, sse4a, ht, tsc, tscinvbit, tscinv, bmi1, bmi2, adx, sha, fma

Memory: 4k page, system-wide physical 6030M (358M free)
TotalPageFile size 24462M (AvailPageFile size 25M)
current process WorkingSet (physical memory assigned to process): 431M, peak: 431M
current process commit charge ("private bytes"): 532M, peak: 566M

vm_info: OpenJDK 64-Bit Server VM (11.0.8+10-b944.6842174) for windows-amd64 JRE (11.0.8+10-b944.6842174), built on Sep 19 2020 01:11:42 by "builder" with MS VC++ 14.0 (VS2015)

END.
